<?xml version="1.0" encoding="UTF-8" standalone="yes"?><!DOCTYPE report PUBLIC "-//JACOCO//DTD Report 1.1//EN" "report.dtd"><report name="app"><sessioninfo id="bissi-smells.modem-3c049081" start="1730462531449" dump="1730462532828"/><package name="tributary/core/tributaryFactory"><class name="tributary/core/tributaryFactory/IntegerFactory" sourcefilename="IntegerFactory.java"><method name="&lt;init&gt;" desc="()V" line="19"><counter type="INSTRUCTION" missed="0" covered="6"/><counter type="LINE" missed="0" covered="3"/><counter type="COMPLEXITY" missed="0" covered="1"/><counter type="METHOD" missed="0" covered="1"/></method><method name="createTopic" desc="(Ljava/lang/String;)V" line="25"><counter type="INSTRUCTION" missed="0" covered="15"/><counter type="LINE" missed="0" covered="4"/><counter type="COMPLEXITY" missed="0" covered="1"/><counter type="METHOD" missed="0" covered="1"/></method><method name="createPartition" desc="(Ljava/lang/String;Ljava/lang/String;)V" line="33"><counter type="INSTRUCTION" missed="0" covered="18"/><counter type="LINE" missed="0" covered="4"/><counter type="COMPLEXITY" missed="0" covered="1"/><counter type="METHOD" missed="0" covered="1"/></method><method name="createConsumerGroup" desc="(Ljava/lang/String;Ljava/lang/String;Ljava/lang/String;)V" line="40"><counter type="INSTRUCTION" missed="5" covered="26"/><counter type="BRANCH" missed="1" covered="1"/><counter type="LINE" missed="2" covered="6"/><counter type="COMPLEXITY" missed="1" covered="1"/><counter type="METHOD" missed="0" covered="1"/></method><method name="createConsumer" desc="(Ljava/lang/String;Ljava/lang/String;)V" line="55"><counter type="INSTRUCTION" missed="0" covered="22"/><counter type="LINE" missed="0" covered="6"/><counter type="COMPLEXITY" missed="0" covered="1"/><counter type="METHOD" missed="0" covered="1"/></method><method name="createProducer" desc="(Ljava/lang/String;Ljava/lang/String;Ljava/lang/String;)V" line="65"><counter type="INSTRUCTION" missed="5" covered="39"/><counter type="BRANCH" missed="1" covered="2"/><counter type="LINE" missed="2" covered="9"/><counter type="COMPLEXITY" missed="1" covered="2"/><counter type="METHOD" missed="0" covered="1"/></method><method name="createEvent" desc="(Ljava/lang/String;Ljava/lang/String;Ljava/lang/String;Ljava/lang/String;)V" line="85"><counter type="INSTRUCTION" missed="0" covered="27"/><counter type="LINE" missed="0" covered="6"/><counter type="COMPLEXITY" missed="0" covered="1"/><counter type="METHOD" missed="0" covered="1"/></method><counter type="INSTRUCTION" missed="10" covered="153"/><counter type="BRANCH" missed="2" covered="3"/><counter type="LINE" missed="4" covered="38"/><counter type="COMPLEXITY" missed="2" covered="8"/><counter type="METHOD" missed="0" covered="7"/><counter type="CLASS" missed="0" covered="1"/></class><class name="tributary/core/tributaryFactory/StringFactory" sourcefilename="StringFactory.java"><method name="&lt;init&gt;" desc="()V" line="19"><counter type="INSTRUCTION" missed="0" covered="6"/><counter type="LINE" missed="0" covered="3"/><counter type="COMPLEXITY" missed="0" covered="1"/><counter type="METHOD" missed="0" covered="1"/></method><method name="createTopic" desc="(Ljava/lang/String;)V" line="25"><counter type="INSTRUCTION" missed="0" covered="15"/><counter type="LINE" missed="0" covered="4"/><counter type="COMPLEXITY" missed="0" covered="1"/><counter type="METHOD" missed="0" covered="1"/></method><method name="createPartition" desc="(Ljava/lang/String;Ljava/lang/String;)V" line="33"><counter type="INSTRUCTION" missed="0" covered="18"/><counter type="LINE" missed="0" covered="4"/><counter type="COMPLEXITY" missed="0" covered="1"/><counter type="METHOD" missed="0" covered="1"/></method><method name="createConsumer" desc="(Ljava/lang/String;Ljava/lang/String;)V" line="41"><counter type="INSTRUCTION" missed="0" covered="22"/><counter type="LINE" missed="0" covered="6"/><counter type="COMPLEXITY" missed="0" covered="1"/><counter type="METHOD" missed="0" covered="1"/></method><method name="createConsumerGroup" desc="(Ljava/lang/String;Ljava/lang/String;Ljava/lang/String;)V" line="50"><counter type="INSTRUCTION" missed="5" covered="26"/><counter type="BRANCH" missed="1" covered="1"/><counter type="LINE" missed="2" covered="6"/><counter type="COMPLEXITY" missed="1" covered="1"/><counter type="METHOD" missed="0" covered="1"/></method><method name="createProducer" desc="(Ljava/lang/String;Ljava/lang/String;Ljava/lang/String;)V" line="65"><counter type="INSTRUCTION" missed="5" covered="39"/><counter type="BRANCH" missed="1" covered="2"/><counter type="LINE" missed="2" covered="9"/><counter type="COMPLEXITY" missed="1" covered="2"/><counter type="METHOD" missed="0" covered="1"/></method><method name="createEvent" desc="(Ljava/lang/String;Ljava/lang/String;Ljava/lang/String;Ljava/lang/String;)V" line="85"><counter type="INSTRUCTION" missed="0" covered="27"/><counter type="LINE" missed="0" covered="6"/><counter type="COMPLEXITY" missed="0" covered="1"/><counter type="METHOD" missed="0" covered="1"/></method><counter type="INSTRUCTION" missed="10" covered="153"/><counter type="BRANCH" missed="2" covered="3"/><counter type="LINE" missed="4" covered="38"/><counter type="COMPLEXITY" missed="2" covered="8"/><counter type="METHOD" missed="0" covered="7"/><counter type="CLASS" missed="0" covered="1"/></class><class name="tributary/core/tributaryFactory/ObjectFactory" sourcefilename="ObjectFactory.java"><method name="&lt;init&gt;" desc="()V" line="7"><counter type="INSTRUCTION" missed="0" covered="6"/><counter type="LINE" missed="0" covered="2"/><counter type="COMPLEXITY" missed="0" covered="1"/><counter type="METHOD" missed="0" covered="1"/></method><method name="getCluster" desc="()Ltributary/api/TributaryCluster;" line="11"><counter type="INSTRUCTION" missed="0" covered="3"/><counter type="LINE" missed="0" covered="1"/><counter type="COMPLEXITY" missed="0" covered="1"/><counter type="METHOD" missed="0" covered="1"/></method><method name="setCluster" desc="(Ltributary/api/TributaryCluster;)V" line="15"><counter type="INSTRUCTION" missed="0" covered="4"/><counter type="LINE" missed="0" covered="2"/><counter type="COMPLEXITY" missed="0" covered="1"/><counter type="METHOD" missed="0" covered="1"/></method><counter type="INSTRUCTION" missed="0" covered="13"/><counter type="LINE" missed="0" covered="5"/><counter type="COMPLEXITY" missed="0" covered="3"/><counter type="METHOD" missed="0" covered="3"/><counter type="CLASS" missed="0" covered="1"/></class><sourcefile name="StringFactory.java"><line nr="19" mi="0" ci="2" mb="0" cb="0"/><line nr="20" mi="0" ci="3" mb="0" cb="0"/><line nr="21" mi="0" ci="1" mb="0" cb="0"/><line nr="25" mi="0" ci="6" mb="0" cb="0"/><line nr="26" mi="0" ci="4" mb="0" cb="0"/><line nr="27" mi="0" ci="4" mb="0" cb="0"/><line nr="28" mi="0" ci="1" mb="0" cb="0"/><line nr="33" mi="0" ci="5" mb="0" cb="0"/><line nr="34" mi="0" ci="7" mb="0" cb="0"/><line nr="35" mi="0" ci="5" mb="0" cb="0"/><line nr="36" mi="0" ci="1" mb="0" cb="0"/><line nr="41" mi="0" ci="5" mb="0" cb="0"/><line nr="42" mi="0" ci="6" mb="0" cb="0"/><line nr="43" mi="0" ci="3" mb="0" cb="0"/><line nr="44" mi="0" ci="2" mb="0" cb="0"/><line nr="45" mi="0" ci="5" mb="0" cb="0"/><line nr="46" mi="0" ci="1" mb="0" cb="0"/><line nr="50" mi="0" ci="5" mb="0" cb="0"/><line nr="51" mi="0" ci="2" mb="1" cb="1"/><line nr="52" mi="4" ci="0" mb="0" cb="0"/><line nr="53" mi="1" ci="0" mb="0" cb="0"/><line nr="55" mi="0" ci="7" mb="0" cb="0"/><line nr="56" mi="0" ci="4" mb="0" cb="0"/><line nr="58" mi="0" ci="7" mb="0" cb="0"/><line nr="60" mi="0" ci="1" mb="0" cb="0"/><line nr="65" mi="0" ci="5" mb="0" cb="0"/><line nr="67" mi="0" ci="8" mb="1" cb="2"/><line nr="69" mi="0" ci="7" mb="0" cb="0"/><line nr="70" mi="0" ci="1" mb="0" cb="0"/><line nr="72" mi="0" ci="7" mb="0" cb="0"/><line nr="73" mi="0" ci="1" mb="0" cb="0"/><line nr="75" mi="4" ci="0" mb="0" cb="0"/><line nr="76" mi="1" ci="0" mb="0" cb="0"/><line nr="78" mi="0" ci="4" mb="0" cb="0"/><line nr="79" mi="0" ci="5" mb="0" cb="0"/><line nr="81" mi="0" ci="1" mb="0" cb="0"/><line nr="85" mi="0" ci="6" mb="0" cb="0"/><line nr="86" mi="0" ci="4" mb="0" cb="0"/><line nr="88" mi="0" ci="5" mb="0" cb="0"/><line nr="90" mi="0" ci="5" mb="0" cb="0"/><line nr="91" mi="0" ci="6" mb="0" cb="0"/><line nr="92" mi="0" ci="1" mb="0" cb="0"/><counter type="INSTRUCTION" missed="10" covered="153"/><counter type="BRANCH" missed="2" covered="3"/><counter type="LINE" missed="4" covered="38"/><counter type="COMPLEXITY" missed="2" covered="8"/><counter type="METHOD" missed="0" covered="7"/><counter type="CLASS" missed="0" covered="1"/></sourcefile><sourcefile name="ObjectFactory.java"><line nr="7" mi="0" ci="2" mb="0" cb="0"/><line nr="8" mi="0" ci="4" mb="0" cb="0"/><line nr="11" mi="0" ci="3" mb="0" cb="0"/><line nr="15" mi="0" ci="3" mb="0" cb="0"/><line nr="16" mi="0" ci="1" mb="0" cb="0"/><counter type="INSTRUCTION" missed="0" covered="13"/><counter type="LINE" missed="0" covered="5"/><counter type="COMPLEXITY" missed="0" covered="3"/><counter type="METHOD" missed="0" covered="3"/><counter type="CLASS" missed="0" covered="1"/></sourcefile><sourcefile name="IntegerFactory.java"><line nr="19" mi="0" ci="2" mb="0" cb="0"/><line nr="20" mi="0" ci="3" mb="0" cb="0"/><line nr="21" mi="0" ci="1" mb="0" cb="0"/><line nr="25" mi="0" ci="6" mb="0" cb="0"/><line nr="26" mi="0" ci="4" mb="0" cb="0"/><line nr="27" mi="0" ci="4" mb="0" cb="0"/><line nr="28" mi="0" ci="1" mb="0" cb="0"/><line nr="33" mi="0" ci="5" mb="0" cb="0"/><line nr="34" mi="0" ci="7" mb="0" cb="0"/><line nr="35" mi="0" ci="5" mb="0" cb="0"/><line nr="36" mi="0" ci="1" mb="0" cb="0"/><line nr="40" mi="0" ci="5" mb="0" cb="0"/><line nr="41" mi="0" ci="2" mb="1" cb="1"/><line nr="42" mi="4" ci="0" mb="0" cb="0"/><line nr="43" mi="1" ci="0" mb="0" cb="0"/><line nr="45" mi="0" ci="7" mb="0" cb="0"/><line nr="46" mi="0" ci="4" mb="0" cb="0"/><line nr="48" mi="0" ci="7" mb="0" cb="0"/><line nr="50" mi="0" ci="1" mb="0" cb="0"/><line nr="55" mi="0" ci="5" mb="0" cb="0"/><line nr="56" mi="0" ci="6" mb="0" cb="0"/><line nr="57" mi="0" ci="3" mb="0" cb="0"/><line nr="58" mi="0" ci="2" mb="0" cb="0"/><line nr="59" mi="0" ci="5" mb="0" cb="0"/><line nr="60" mi="0" ci="1" mb="0" cb="0"/><line nr="65" mi="0" ci="5" mb="0" cb="0"/><line nr="67" mi="0" ci="8" mb="1" cb="2"/><line nr="69" mi="0" ci="7" mb="0" cb="0"/><line nr="70" mi="0" ci="1" mb="0" cb="0"/><line nr="72" mi="0" ci="7" mb="0" cb="0"/><line nr="73" mi="0" ci="1" mb="0" cb="0"/><line nr="75" mi="4" ci="0" mb="0" cb="0"/><line nr="76" mi="1" ci="0" mb="0" cb="0"/><line nr="78" mi="0" ci="4" mb="0" cb="0"/><line nr="79" mi="0" ci="5" mb="0" cb="0"/><line nr="81" mi="0" ci="1" mb="0" cb="0"/><line nr="85" mi="0" ci="6" mb="0" cb="0"/><line nr="86" mi="0" ci="4" mb="0" cb="0"/><line nr="88" mi="0" ci="5" mb="0" cb="0"/><line nr="90" mi="0" ci="5" mb="0" cb="0"/><line nr="91" mi="0" ci="6" mb="0" cb="0"/><line nr="92" mi="0" ci="1" mb="0" cb="0"/><counter type="INSTRUCTION" missed="10" covered="153"/><counter type="BRANCH" missed="2" covered="3"/><counter type="LINE" missed="4" covered="38"/><counter type="COMPLEXITY" missed="2" covered="8"/><counter type="METHOD" missed="0" covered="7"/><counter type="CLASS" missed="0" covered="1"/></sourcefile><counter type="INSTRUCTION" missed="20" covered="319"/><counter type="BRANCH" missed="4" covered="6"/><counter type="LINE" missed="8" covered="81"/><counter type="COMPLEXITY" missed="4" covered="19"/><counter type="METHOD" missed="0" covered="17"/><counter type="CLASS" missed="0" covered="3"/></package><package name="tributary/core"><class name="tributary/core/AdminObject" sourcefilename="AdminObject.java"><method name="&lt;init&gt;" desc="(Ljava/lang/String;Ljava/lang/Class;)V" line="16"><counter type="INSTRUCTION" missed="0" covered="15"/><counter type="LINE" missed="0" covered="5"/><counter type="COMPLEXITY" missed="0" covered="1"/><counter type="METHOD" missed="0" covered="1"/></method><method name="getCreatedTime" desc="()J" line="23"><counter type="INSTRUCTION" missed="0" covered="3"/><counter type="LINE" missed="0" covered="1"/><counter type="COMPLEXITY" missed="0" covered="1"/><counter type="METHOD" missed="0" covered="1"/></method><method name="clearAssignments" desc="()V" line="27"><counter type="INSTRUCTION" missed="0" covered="13"/><counter type="LINE" missed="0" covered="4"/><counter type="COMPLEXITY" missed="0" covered="1"/><counter type="METHOD" missed="0" covered="1"/></method><method name="getAssignedTopics" desc="()Ljava/util/List;" line="33"><counter type="INSTRUCTION" missed="0" covered="3"/><counter type="LINE" missed="0" covered="1"/><counter type="COMPLEXITY" missed="0" covered="1"/><counter type="METHOD" missed="0" covered="1"/></method><method name="assignTopic" desc="(Ltributary/api/Topic;)V" line="37"><counter type="INSTRUCTION" missed="0" covered="6"/><counter type="LINE" missed="0" covered="2"/><counter type="COMPLEXITY" missed="0" covered="1"/><counter type="METHOD" missed="0" covered="1"/></method><method name="unassignTopic" desc="(Ljava/lang/String;)V" line="41"><counter type="INSTRUCTION" missed="7" covered="0"/><counter type="LINE" missed="2" covered="0"/><counter type="COMPLEXITY" missed="1" covered="0"/><counter type="METHOD" missed="1" covered="0"/></method><method name="listAssignedTopics" desc="()Ljava/util/List;" line="45"><counter type="INSTRUCTION" missed="0" covered="3"/><counter type="LINE" missed="0" covered="1"/><counter type="COMPLEXITY" missed="0" covered="1"/><counter type="METHOD" missed="0" covered="1"/></method><method name="getType" desc="()Ljava/lang/Class;" line="49"><counter type="INSTRUCTION" missed="0" covered="3"/><counter type="LINE" missed="0" covered="1"/><counter type="COMPLEXITY" missed="0" covered="1"/><counter type="METHOD" missed="0" covered="1"/></method><method name="getToken" desc="()Ljava/lang/String;" line="53"><counter type="INSTRUCTION" missed="0" covered="3"/><counter type="LINE" missed="0" covered="1"/><counter type="COMPLEXITY" missed="0" covered="1"/><counter type="METHOD" missed="0" covered="1"/></method><method name="setToken" desc="(Ljava/lang/String;)V" line="57"><counter type="INSTRUCTION" missed="0" covered="4"/><counter type="LINE" missed="0" covered="2"/><counter type="COMPLEXITY" missed="0" covered="1"/><counter type="METHOD" missed="0" covered="1"/></method><method name="showTopics" desc="()V" line="61"><counter type="INSTRUCTION" missed="0" covered="35"/><counter type="BRANCH" missed="0" covered="2"/><counter type="LINE" missed="0" covered="8"/><counter type="COMPLEXITY" missed="0" covered="2"/><counter type="METHOD" missed="0" covered="1"/></method><method name="lambda$showTopics$1" desc="(Ltributary/api/Partition;)V" line="64"><counter type="INSTRUCTION" missed="0" covered="6"/><counter type="LINE" missed="0" covered="1"/><counter type="COMPLEXITY" missed="0" covered="1"/><counter type="METHOD" missed="0" covered="1"/></method><method name="lambda$unassignTopic$0" desc="(Ljava/lang/String;Ltributary/api/Topic;)Z" line="41"><counter type="INSTRUCTION" missed="5" covered="0"/><counter type="LINE" missed="1" covered="0"/><counter type="COMPLEXITY" missed="1" covered="0"/><counter type="METHOD" missed="1" covered="0"/></method><counter type="INSTRUCTION" missed="12" covered="94"/><counter type="BRANCH" missed="0" covered="2"/><counter type="LINE" missed="2" covered="26"/><counter type="COMPLEXITY" missed="2" covered="12"/><counter type="METHOD" missed="2" covered="11"/><counter type="CLASS" missed="0" covered="1"/></class><class name="tributary/core/TributaryController" sourcefilename="TributaryController.java"><method name="&lt;init&gt;" desc="()V" line="30"><counter type="INSTRUCTION" missed="0" covered="34"/><counter type="LINE" missed="0" covered="8"/><counter type="COMPLEXITY" missed="0" covered="1"/><counter type="METHOD" missed="0" covered="1"/></method><method name="getTopic" desc="(Ljava/lang/String;)Ltributary/api/Topic;" line="44"><counter type="INSTRUCTION" missed="0" covered="7"/><counter type="LINE" missed="0" covered="2"/><counter type="COMPLEXITY" missed="0" covered="1"/><counter type="METHOD" missed="0" covered="1"/></method><method name="getConsumerGroup" desc="(Ljava/lang/String;)Ltributary/api/ConsumerGroup;" line="49"><counter type="INSTRUCTION" missed="0" covered="7"/><counter type="LINE" missed="0" covered="2"/><counter type="COMPLEXITY" missed="0" covered="1"/><counter type="METHOD" missed="0" covered="1"/></method><method name="getProducer" desc="(Ljava/lang/String;)Ltributary/api/producers/Producer;" line="54"><counter type="INSTRUCTION" missed="0" covered="15"/><counter type="BRANCH" missed="0" covered="2"/><counter type="LINE" missed="0" covered="5"/><counter type="COMPLEXITY" missed="0" covered="2"/><counter type="METHOD" missed="0" covered="1"/></method><method name="setObjectFactoryType" desc="(Ljava/lang/String;)V" line="63"><counter type="INSTRUCTION" missed="0" covered="28"/><counter type="BRANCH" missed="0" covered="4"/><counter type="LINE" missed="0" covered="5"/><counter type="COMPLEXITY" missed="0" covered="3"/><counter type="METHOD" missed="0" covered="1"/></method><method name="findConsumer" desc="(Ljava/lang/String;)Ltributary/api/Consumer;" line="71"><counter type="INSTRUCTION" missed="0" covered="36"/><counter type="BRANCH" missed="0" covered="6"/><counter type="LINE" missed="0" covered="8"/><counter type="COMPLEXITY" missed="0" covered="4"/><counter type="METHOD" missed="0" covered="1"/></method><method name="findPartition" desc="(Ljava/lang/String;)Ltributary/api/Partition;" line="83"><counter type="INSTRUCTION" missed="0" covered="40"/><counter type="BRANCH" missed="1" covered="7"/><counter type="LINE" missed="0" covered="11"/><counter type="COMPLEXITY" missed="1" covered="4"/><counter type="METHOD" missed="0" covered="1"/></method><method name="getFactory" desc="()Ltributary/core/tributaryFactory/ObjectFactory;" line="98"><counter type="INSTRUCTION" missed="3" covered="0"/><counter type="LINE" missed="1" covered="0"/><counter type="COMPLEXITY" missed="1" covered="0"/><counter type="METHOD" missed="1" covered="0"/></method><method name="getCluster" desc="()Ltributary/api/TributaryCluster;" line="102"><counter type="INSTRUCTION" missed="3" covered="0"/><counter type="LINE" missed="1" covered="0"/><counter type="COMPLEXITY" missed="1" covered="0"/><counter type="METHOD" missed="1" covered="0"/></method><method name="createTopic" desc="(Ljava/lang/String;Ljava/lang/String;)V" line="110"><counter type="INSTRUCTION" missed="0" covered="17"/><counter type="BRANCH" missed="0" covered="2"/><counter type="LINE" missed="0" covered="6"/><counter type="COMPLEXITY" missed="0" covered="2"/><counter type="METHOD" missed="0" covered="1"/></method><method name="createPartition" desc="(Ljava/lang/String;Ljava/lang/String;)V" line="119"><counter type="INSTRUCTION" missed="0" covered="34"/><counter type="BRANCH" missed="0" covered="4"/><counter type="LINE" missed="0" covered="11"/><counter type="COMPLEXITY" missed="0" covered="3"/><counter type="METHOD" missed="0" covered="1"/></method><method name="createConsumerGroup" desc="(Ljava/lang/String;Ljava/lang/String;Ljava/lang/String;)V" line="134"><counter type="INSTRUCTION" missed="0" covered="26"/><counter type="BRANCH" missed="0" covered="2"/><counter type="LINE" missed="0" covered="7"/><counter type="COMPLEXITY" missed="0" covered="2"/><counter type="METHOD" missed="0" covered="1"/></method><method name="createConsumer" desc="(Ljava/lang/String;Ljava/lang/String;)V" line="145"><counter type="INSTRUCTION" missed="0" covered="31"/><counter type="BRANCH" missed="0" covered="2"/><counter type="LINE" missed="0" covered="8"/><counter type="COMPLEXITY" missed="0" covered="2"/><counter type="METHOD" missed="0" covered="1"/></method><method name="createProducer" desc="(Ljava/lang/String;Ljava/lang/String;Ljava/lang/String;)V" line="156"><counter type="INSTRUCTION" missed="0" covered="17"/><counter type="LINE" missed="0" covered="4"/><counter type="COMPLEXITY" missed="0" covered="1"/><counter type="METHOD" missed="0" covered="1"/></method><method name="createEvent" desc="(Ljava/lang/String;Ljava/lang/String;Ljava/lang/String;Ljava/lang/String;)V" line="163"><counter type="INSTRUCTION" missed="10" covered="50"/><counter type="BRANCH" missed="3" covered="5"/><counter type="LINE" missed="4" covered="13"/><counter type="COMPLEXITY" missed="3" covered="2"/><counter type="METHOD" missed="0" covered="1"/></method><method name="verifyProducer" desc="(Ltributary/api/producers/Producer;Ltributary/api/Topic;)Z" line="184"><counter type="INSTRUCTION" missed="10" covered="15"/><counter type="BRANCH" missed="5" covered="3"/><counter type="LINE" missed="2" covered="5"/><counter type="COMPLEXITY" missed="3" covered="2"/><counter type="METHOD" missed="0" covered="1"/></method><method name="deleteConsumer" desc="(Ljava/lang/String;)V" line="203"><counter type="INSTRUCTION" missed="0" covered="5"/><counter type="LINE" missed="0" covered="2"/><counter type="COMPLEXITY" missed="0" covered="1"/><counter type="METHOD" missed="0" covered="1"/></method><method name="showTopic" desc="(Ljava/lang/String;)V" line="214"><counter type="INSTRUCTION" missed="4" covered="11"/><counter type="BRANCH" missed="1" covered="1"/><counter type="LINE" missed="1" covered="4"/><counter type="COMPLEXITY" missed="1" covered="1"/><counter type="METHOD" missed="0" covered="1"/></method><method name="showGroup" desc="(Ljava/lang/String;)V" line="223"><counter type="INSTRUCTION" missed="15" covered="0"/><counter type="BRANCH" missed="2" covered="0"/><counter type="LINE" missed="5" covered="0"/><counter type="COMPLEXITY" missed="2" covered="0"/><counter type="METHOD" missed="1" covered="0"/></method><method name="consumeEvents" desc="(Ljava/lang/String;Ljava/lang/String;I)V" line="237"><counter type="INSTRUCTION" missed="12" covered="62"/><counter type="BRANCH" missed="3" covered="9"/><counter type="LINE" missed="3" covered="16"/><counter type="COMPLEXITY" missed="3" covered="4"/><counter type="METHOD" missed="0" covered="1"/></method><method name="consumeEventsGeneric" desc="(Ltributary/api/Consumer;Ltributary/api/Partition;Ljava/lang/Class;I)V" line="265"><counter type="INSTRUCTION" missed="0" covered="17"/><counter type="LINE" missed="0" covered="6"/><counter type="COMPLEXITY" missed="0" covered="1"/><counter type="METHOD" missed="0" covered="1"/></method><method name="consumeHelper" desc="(Ltributary/api/Consumer;Ltributary/api/Partition;I)V" line="274"><counter type="INSTRUCTION" missed="0" covered="41"/><counter type="BRANCH" missed="0" covered="6"/><counter type="LINE" missed="0" covered="9"/><counter type="COMPLEXITY" missed="0" covered="4"/><counter type="METHOD" missed="0" covered="1"/></method><method name="verifyConsumer" desc="(Ltributary/api/Consumer;Ltributary/api/Topic;)Z" line="290"><counter type="INSTRUCTION" missed="10" covered="20"/><counter type="BRANCH" missed="5" covered="3"/><counter type="LINE" missed="2" covered="6"/><counter type="COMPLEXITY" missed="3" covered="2"/><counter type="METHOD" missed="0" covered="1"/></method><method name="updateRebalancing" desc="(Ljava/lang/String;Ljava/lang/String;)V" line="307"><counter type="INSTRUCTION" missed="6" covered="20"/><counter type="BRANCH" missed="1" covered="1"/><counter type="LINE" missed="2" covered="7"/><counter type="COMPLEXITY" missed="1" covered="1"/><counter type="METHOD" missed="0" covered="1"/></method><method name="updatePartitionOffset" desc="(Ljava/lang/String;Ljava/lang/String;I)V" line="320"><counter type="INSTRUCTION" missed="4" covered="25"/><counter type="BRANCH" missed="3" covered="3"/><counter type="LINE" missed="2" covered="6"/><counter type="COMPLEXITY" missed="3" covered="1"/><counter type="METHOD" missed="0" covered="1"/></method><method name="updatePartitionOffsetGeneric" desc="(Ltributary/api/Consumer;Ltributary/api/Partition;I)V" line="334"><counter type="INSTRUCTION" missed="0" covered="10"/><counter type="LINE" missed="0" covered="4"/><counter type="COMPLEXITY" missed="0" covered="1"/><counter type="METHOD" missed="0" covered="1"/></method><method name="updateTypedConsumerOffset" desc="(Ltributary/api/Consumer;Ltributary/api/Partition;I)V" line="342"><counter type="INSTRUCTION" missed="11" covered="26"/><counter type="BRANCH" missed="1" covered="5"/><counter type="LINE" missed="1" covered="8"/><counter type="COMPLEXITY" missed="1" covered="3"/><counter type="METHOD" missed="0" covered="1"/></method><method name="updateConsumerGroupAdmin" desc="(Ljava/lang/String;Ljava/lang/String;Ljava/lang/String;)V" line="359"><counter type="INSTRUCTION" missed="5" covered="82"/><counter type="BRANCH" missed="2" covered="14"/><counter type="LINE" missed="2" covered="25"/><counter type="COMPLEXITY" missed="2" covered="7"/><counter type="METHOD" missed="0" covered="1"/></method><method name="updateProducerAdmin" desc="(Ljava/lang/String;Ljava/lang/String;Ljava/lang/String;)V" line="401"><counter type="INSTRUCTION" missed="13" covered="68"/><counter type="BRANCH" missed="4" covered="12"/><counter type="LINE" missed="6" covered="18"/><counter type="COMPLEXITY" missed="4" covered="5"/><counter type="METHOD" missed="0" covered="1"/></method><method name="assignTopicGeneric" desc="(Ltributary/core/AdminObject;)V" line="437"><counter type="INSTRUCTION" missed="0" covered="29"/><counter type="BRANCH" missed="1" covered="5"/><counter type="LINE" missed="0" covered="6"/><counter type="COMPLEXITY" missed="1" covered="3"/><counter type="METHOD" missed="0" covered="1"/></method><method name="parallelProduce" desc="([Ljava/lang/String;)V" line="455"><counter type="INSTRUCTION" missed="29" covered="86"/><counter type="BRANCH" missed="6" covered="8"/><counter type="LINE" missed="11" covered="22"/><counter type="COMPLEXITY" missed="6" covered="2"/><counter type="METHOD" missed="0" covered="1"/></method><method name="parallelConsume" desc="([Ljava/lang/String;)V" line="508"><counter type="INSTRUCTION" missed="12" covered="100"/><counter type="BRANCH" missed="3" covered="7"/><counter type="LINE" missed="4" covered="22"/><counter type="COMPLEXITY" missed="3" covered="3"/><counter type="METHOD" missed="0" covered="1"/></method><method name="parallelConsumerOffset" desc="(Ltributary/api/Consumer;Ltributary/api/Partition;Ljava/lang/Class;)I" line="548"><counter type="INSTRUCTION" missed="0" covered="15"/><counter type="LINE" missed="0" covered="6"/><counter type="COMPLEXITY" missed="0" covered="1"/><counter type="METHOD" missed="0" covered="1"/></method><method name="isInteger" desc="(Ljava/lang/String;)Z" line="562"><counter type="INSTRUCTION" missed="0" covered="8"/><counter type="LINE" missed="0" covered="4"/><counter type="COMPLEXITY" missed="0" covered="1"/><counter type="METHOD" missed="0" covered="1"/></method><method name="lambda$parallelConsume$1" desc="(Ljava/lang/String;Ljava/lang/String;I)V" line="535"><counter type="INSTRUCTION" missed="0" covered="6"/><counter type="LINE" missed="0" covered="1"/><counter type="COMPLEXITY" missed="0" covered="1"/><counter type="METHOD" missed="0" covered="1"/></method><method name="lambda$parallelProduce$0" desc="(Ljava/lang/String;Ljava/lang/String;Ljava/lang/String;Ljava/lang/String;)V" line="492"><counter type="INSTRUCTION" missed="6" covered="8"/><counter type="LINE" missed="2" covered="3"/><counter type="COMPLEXITY" missed="0" covered="1"/><counter type="METHOD" missed="0" covered="1"/></method><counter type="INSTRUCTION" missed="153" covered="996"/><counter type="BRANCH" missed="41" covered="111"/><counter type="LINE" missed="49" covered="269"/><counter type="COMPLEXITY" missed="39" covered="73"/><counter type="METHOD" missed="3" covered="33"/><counter type="CLASS" missed="0" covered="1"/></class><sourcefile name="TributaryController.java"><line nr="30" mi="0" ci="2" mb="0" cb="0"/><line nr="31" mi="0" ci="3" mb="0" cb="0"/><line nr="32" mi="0" ci="5" mb="0" cb="0"/><line nr="33" mi="0" ci="5" mb="0" cb="0"/><line nr="34" mi="0" ci="6" mb="0" cb="0"/><line nr="35" mi="0" ci="6" mb="0" cb="0"/><line nr="36" mi="0" ci="6" mb="0" cb="0"/><line nr="37" mi="0" ci="1" mb="0" cb="0"/><line nr="44" mi="0" ci="5" mb="0" cb="0"/><line nr="45" mi="0" ci="2" mb="0" cb="0"/><line nr="49" mi="0" ci="5" mb="0" cb="0"/><line nr="50" mi="0" ci="2" mb="0" cb="0"/><line nr="54" mi="0" ci="5" mb="0" cb="0"/><line nr="55" mi="0" ci="2" mb="0" cb="2"/><line nr="56" mi="0" ci="4" mb="0" cb="0"/><line nr="57" mi="0" ci="2" mb="0" cb="0"/><line nr="59" mi="0" ci="2" mb="0" cb="0"/><line nr="63" mi="0" ci="6" mb="0" cb="0"/><line nr="64" mi="0" ci="2" mb="0" cb="2"/><line nr="65" mi="0" ci="6" mb="0" cb="0"/><line nr="67" mi="0" ci="13" mb="0" cb="2"/><line nr="68" mi="0" ci="1" mb="0" cb="0"/><line nr="71" mi="0" ci="2" mb="0" cb="0"/><line nr="72" mi="0" ci="12" mb="0" cb="2"/><line nr="73" mi="0" ci="11" mb="0" cb="2"/><line nr="74" mi="0" ci="5" mb="0" cb="2"/><line nr="75" mi="0" ci="2" mb="0" cb="0"/><line nr="77" mi="0" ci="1" mb="0" cb="0"/><line nr="78" mi="0" ci="1" mb="0" cb="0"/><line nr="79" mi="0" ci="2" mb="0" cb="0"/><line nr="83" mi="0" ci="2" mb="0" cb="0"/><line nr="84" mi="0" ci="12" mb="1" cb="1"/><line nr="85" mi="0" ci="11" mb="0" cb="2"/><line nr="86" mi="0" ci="5" mb="0" cb="2"/><line nr="87" mi="0" ci="2" mb="0" cb="0"/><line nr="88" mi="0" ci="1" mb="0" cb="0"/><line nr="90" mi="0" ci="1" mb="0" cb="0"/><line nr="91" mi="0" ci="2" mb="0" cb="2"/><line nr="92" mi="0" ci="1" mb="0" cb="0"/><line nr="93" mi="0" ci="1" mb="0" cb="0"/><line nr="94" mi="0" ci="2" mb="0" cb="0"/><line nr="98" mi="3" ci="0" mb="0" cb="0"/><line nr="102" mi="3" ci="0" mb="0" cb="0"/><line nr="110" mi="0" ci="4" mb="0" cb="2"/><line nr="111" mi="0" ci="4" mb="0" cb="0"/><line nr="112" mi="0" ci="1" mb="0" cb="0"/><line nr="114" mi="0" ci="3" mb="0" cb="0"/><line nr="115" mi="0" ci="4" mb="0" cb="0"/><line nr="116" mi="0" ci="1" mb="0" cb="0"/><line nr="119" mi="0" ci="4" mb="0" cb="0"/><line nr="120" mi="0" ci="2" mb="0" cb="2"/><line nr="121" mi="0" ci="4" mb="0" cb="0"/><line nr="122" mi="0" ci="1" mb="0" cb="0"/><line nr="123" mi="0" ci="4" mb="0" cb="2"/><line nr="124" mi="0" ci="4" mb="0" cb="0"/><line nr="125" mi="0" ci="1" mb="0" cb="0"/><line nr="127" mi="0" ci="5" mb="0" cb="0"/><line nr="128" mi="0" ci="3" mb="0" cb="0"/><line nr="129" mi="0" ci="5" mb="0" cb="0"/><line nr="130" mi="0" ci="1" mb="0" cb="0"/><line nr="134" mi="0" ci="4" mb="0" cb="2"/><line nr="135" mi="0" ci="4" mb="0" cb="0"/><line nr="136" mi="0" ci="1" mb="0" cb="0"/><line nr="139" mi="0" ci="7" mb="0" cb="0"/><line nr="140" mi="0" ci="3" mb="0" cb="0"/><line nr="141" mi="0" ci="6" mb="0" cb="0"/><line nr="142" mi="0" ci="1" mb="0" cb="0"/><line nr="145" mi="0" ci="4" mb="0" cb="0"/><line nr="146" mi="0" ci="4" mb="0" cb="2"/><line nr="147" mi="0" ci="4" mb="0" cb="0"/><line nr="148" mi="0" ci="1" mb="0" cb="0"/><line nr="150" mi="0" ci="9" mb="0" cb="0"/><line nr="151" mi="0" ci="3" mb="0" cb="0"/><line nr="152" mi="0" ci="5" mb="0" cb="0"/><line nr="153" mi="0" ci="1" mb="0" cb="0"/><line nr="156" mi="0" ci="4" mb="0" cb="0"/><line nr="157" mi="0" ci="6" mb="0" cb="0"/><line nr="158" mi="0" ci="6" mb="0" cb="0"/><line nr="159" mi="0" ci="1" mb="0" cb="0"/><line nr="163" mi="0" ci="4" mb="0" cb="0"/><line nr="164" mi="0" ci="4" mb="0" cb="0"/><line nr="165" mi="0" ci="4" mb="2" cb="2"/><line nr="166" mi="5" ci="0" mb="0" cb="0"/><line nr="167" mi="1" ci="0" mb="0" cb="0"/><line nr="168" mi="0" ci="5" mb="0" cb="2"/><line nr="169" mi="0" ci="3" mb="0" cb="0"/><line nr="170" mi="0" ci="1" mb="0" cb="0"/><line nr="171" mi="0" ci="6" mb="1" cb="1"/><line nr="172" mi="3" ci="0" mb="0" cb="0"/><line nr="173" mi="1" ci="0" mb="0" cb="0"/><line nr="176" mi="0" ci="4" mb="0" cb="0"/><line nr="177" mi="0" ci="5" mb="0" cb="0"/><line nr="178" mi="0" ci="3" mb="0" cb="0"/><line nr="179" mi="0" ci="7" mb="0" cb="0"/><line nr="180" mi="0" ci="3" mb="0" cb="0"/><line nr="181" mi="0" ci="1" mb="0" cb="0"/><line nr="184" mi="0" ci="4" mb="0" cb="0"/><line nr="185" mi="0" ci="5" mb="0" cb="2"/><line nr="186" mi="0" ci="2" mb="0" cb="0"/><line nr="187" mi="3" ci="2" mb="3" cb="1"/><line nr="188" mi="5" ci="0" mb="2" cb="0"/><line nr="189" mi="2" ci="0" mb="0" cb="0"/><line nr="192" mi="0" ci="2" mb="0" cb="0"/><line nr="203" mi="0" ci="4" mb="0" cb="0"/><line nr="204" mi="0" ci="1" mb="0" cb="0"/><line nr="214" mi="0" ci="5" mb="0" cb="0"/><line nr="215" mi="0" ci="2" mb="1" cb="1"/><line nr="216" mi="0" ci="3" mb="0" cb="0"/><line nr="218" mi="4" ci="0" mb="0" cb="0"/><line nr="220" mi="0" ci="1" mb="0" cb="0"/><line nr="223" mi="5" ci="0" mb="0" cb="0"/><line nr="224" mi="2" ci="0" mb="2" cb="0"/><line nr="225" mi="3" ci="0" mb="0" cb="0"/><line nr="227" mi="4" ci="0" mb="0" cb="0"/><line nr="229" mi="1" ci="0" mb="0" cb="0"/><line nr="237" mi="0" ci="4" mb="0" cb="0"/><line nr="238" mi="0" ci="4" mb="0" cb="0"/><line nr="239" mi="0" ci="3" mb="0" cb="0"/><line nr="240" mi="0" ci="4" mb="0" cb="0"/><line nr="242" mi="0" ci="4" mb="2" cb="2"/><line nr="243" mi="5" ci="0" mb="0" cb="0"/><line nr="244" mi="1" ci="0" mb="0" cb="0"/><line nr="245" mi="0" ci="5" mb="0" cb="2"/><line nr="246" mi="0" ci="3" mb="0" cb="0"/><line nr="247" mi="0" ci="1" mb="0" cb="0"/><line nr="248" mi="0" ci="5" mb="0" cb="2"/><line nr="249" mi="0" ci="3" mb="0" cb="0"/><line nr="250" mi="0" ci="1" mb="0" cb="0"/><line nr="253" mi="0" ci="5" mb="0" cb="2"/><line nr="254" mi="0" ci="7" mb="0" cb="0"/><line nr="255" mi="0" ci="5" mb="1" cb="1"/><line nr="256" mi="0" ci="7" mb="0" cb="0"/><line nr="258" mi="6" ci="0" mb="0" cb="0"/><line nr="260" mi="0" ci="1" mb="0" cb="0"/><line nr="265" mi="0" ci="2" mb="0" cb="0"/><line nr="267" mi="0" ci="2" mb="0" cb="0"/><line nr="268" mi="0" ci="4" mb="0" cb="0"/><line nr="269" mi="0" ci="5" mb="0" cb="0"/><line nr="270" mi="0" ci="3" mb="0" cb="0"/><line nr="271" mi="0" ci="1" mb="0" cb="0"/><line nr="274" mi="0" ci="3" mb="0" cb="0"/><line nr="275" mi="0" ci="4" mb="0" cb="0"/><line nr="276" mi="0" ci="2" mb="0" cb="0"/><line nr="278" mi="0" ci="12" mb="0" cb="4"/><line nr="279" mi="0" ci="7" mb="0" cb="0"/><line nr="282" mi="0" ci="3" mb="0" cb="2"/><line nr="283" mi="0" ci="5" mb="0" cb="0"/><line nr="285" mi="0" ci="4" mb="0" cb="0"/><line nr="287" mi="0" ci="1" mb="0" cb="0"/><line nr="290" mi="0" ci="5" mb="0" cb="0"/><line nr="291" mi="0" ci="4" mb="0" cb="0"/><line nr="292" mi="0" ci="5" mb="0" cb="2"/><line nr="293" mi="0" ci="2" mb="0" cb="0"/><line nr="294" mi="3" ci="2" mb="3" cb="1"/><line nr="295" mi="5" ci="0" mb="2" cb="0"/><line nr="296" mi="2" ci="0" mb="0" cb="0"/><line nr="298" mi="0" ci="2" mb="0" cb="0"/><line nr="307" mi="0" ci="4" mb="0" cb="0"/><line nr="308" mi="0" ci="3" mb="0" cb="0"/><line nr="309" mi="0" ci="3" mb="0" cb="0"/><line nr="310" mi="0" ci="2" mb="0" cb="0"/><line nr="312" mi="0" ci="3" mb="0" cb="0"/><line nr="313" mi="0" ci="4" mb="1" cb="1"/><line nr="314" mi="4" ci="0" mb="0" cb="0"/><line nr="315" mi="2" ci="0" mb="0" cb="0"/><line nr="317" mi="0" ci="1" mb="0" cb="0"/><line nr="320" mi="0" ci="4" mb="0" cb="0"/><line nr="321" mi="0" ci="4" mb="0" cb="0"/><line nr="322" mi="0" ci="5" mb="0" cb="0"/><line nr="324" mi="0" ci="6" mb="3" cb="3"/><line nr="325" mi="3" ci="0" mb="0" cb="0"/><line nr="326" mi="1" ci="0" mb="0" cb="0"/><line nr="328" mi="0" ci="5" mb="0" cb="0"/><line nr="329" mi="0" ci="1" mb="0" cb="0"/><line nr="334" mi="0" ci="2" mb="0" cb="0"/><line nr="336" mi="0" ci="2" mb="0" cb="0"/><line nr="337" mi="0" ci="5" mb="0" cb="0"/><line nr="338" mi="0" ci="1" mb="0" cb="0"/><line nr="342" mi="0" ci="6" mb="0" cb="2"/><line nr="343" mi="0" ci="3" mb="0" cb="0"/><line nr="345" mi="0" ci="1" mb="0" cb="0"/><line nr="347" mi="0" ci="2" mb="0" cb="2"/><line nr="348" mi="0" ci="7" mb="0" cb="0"/><line nr="350" mi="0" ci="2" mb="1" cb="1"/><line nr="351" mi="11" ci="0" mb="0" cb="0"/><line nr="354" mi="0" ci="4" mb="0" cb="0"/><line nr="356" mi="0" ci="1" mb="0" cb="0"/><line nr="359" mi="0" ci="4" mb="0" cb="0"/><line nr="360" mi="0" ci="6" mb="0" cb="4"/><line nr="361" mi="0" ci="3" mb="0" cb="0"/><line nr="362" mi="0" ci="1" mb="0" cb="0"/><line nr="363" mi="0" ci="6" mb="0" cb="4"/><line nr="364" mi="0" ci="3" mb="0" cb="0"/><line nr="365" mi="0" ci="1" mb="0" cb="0"/><line nr="366" mi="0" ci="6" mb="1" cb="3"/><line nr="369" mi="0" ci="2" mb="0" cb="0"/><line nr="370" mi="0" ci="3" mb="0" cb="0"/><line nr="371" mi="0" ci="2" mb="0" cb="0"/><line nr="374" mi="0" ci="4" mb="0" cb="0"/><line nr="375" mi="0" ci="8" mb="0" cb="2"/><line nr="376" mi="0" ci="3" mb="0" cb="0"/><line nr="377" mi="0" ci="1" mb="0" cb="0"/><line nr="381" mi="0" ci="4" mb="0" cb="0"/><line nr="382" mi="0" ci="2" mb="1" cb="1"/><line nr="383" mi="4" ci="0" mb="0" cb="0"/><line nr="384" mi="1" ci="0" mb="0" cb="0"/><line nr="387" mi="0" ci="6" mb="0" cb="0"/><line nr="388" mi="0" ci="4" mb="0" cb="0"/><line nr="389" mi="0" ci="3" mb="0" cb="0"/><line nr="390" mi="0" ci="3" mb="0" cb="0"/><line nr="393" mi="0" ci="2" mb="0" cb="0"/><line nr="396" mi="0" ci="2" mb="0" cb="0"/><line nr="397" mi="0" ci="2" mb="0" cb="0"/><line nr="398" mi="0" ci="1" mb="0" cb="0"/><line nr="401" mi="0" ci="4" mb="0" cb="0"/><line nr="402" mi="0" ci="6" mb="1" cb="3"/><line nr="403" mi="3" ci="0" mb="0" cb="0"/><line nr="404" mi="1" ci="0" mb="0" cb="0"/><line nr="405" mi="0" ci="6" mb="0" cb="4"/><line nr="406" mi="0" ci="3" mb="0" cb="0"/><line nr="407" mi="0" ci="1" mb="0" cb="0"/><line nr="408" mi="0" ci="6" mb="1" cb="3"/><line nr="410" mi="0" ci="2" mb="0" cb="0"/><line nr="411" mi="0" ci="3" mb="0" cb="0"/><line nr="414" mi="0" ci="4" mb="0" cb="0"/><line nr="415" mi="0" ci="8" mb="1" cb="1"/><line nr="416" mi="3" ci="0" mb="0" cb="0"/><line nr="417" mi="1" ci="0" mb="0" cb="0"/><line nr="421" mi="0" ci="4" mb="0" cb="0"/><line nr="422" mi="0" ci="2" mb="1" cb="1"/><line nr="423" mi="4" ci="0" mb="0" cb="0"/><line nr="424" mi="1" ci="0" mb="0" cb="0"/><line nr="427" mi="0" ci="6" mb="0" cb="0"/><line nr="428" mi="0" ci="4" mb="0" cb="0"/><line nr="429" mi="0" ci="3" mb="0" cb="0"/><line nr="430" mi="0" ci="3" mb="0" cb="0"/><line nr="433" mi="0" ci="2" mb="0" cb="0"/><line nr="434" mi="0" ci="1" mb="0" cb="0"/><line nr="437" mi="0" ci="12" mb="0" cb="2"/><line nr="438" mi="0" ci="10" mb="1" cb="3"/><line nr="440" mi="0" ci="2" mb="0" cb="0"/><line nr="441" mi="0" ci="3" mb="0" cb="0"/><line nr="443" mi="0" ci="1" mb="0" cb="0"/><line nr="444" mi="0" ci="1" mb="0" cb="0"/><line nr="455" mi="0" ci="2" mb="0" cb="0"/><line nr="457" mi="0" ci="6" mb="0" cb="2"/><line nr="458" mi="0" ci="4" mb="0" cb="0"/><line nr="459" mi="0" ci="6" mb="0" cb="0"/><line nr="460" mi="0" ci="6" mb="0" cb="0"/><line nr="462" mi="0" ci="4" mb="0" cb="0"/><line nr="463" mi="0" ci="4" mb="0" cb="0"/><line nr="464" mi="0" ci="4" mb="2" cb="2"/><line nr="465" mi="5" ci="0" mb="0" cb="0"/><line nr="466" mi="1" ci="0" mb="0" cb="0"/><line nr="467" mi="0" ci="6" mb="1" cb="1"/><line nr="468" mi="5" ci="0" mb="0" cb="0"/><line nr="469" mi="1" ci="0" mb="0" cb="0"/><line nr="472" mi="0" ci="2" mb="0" cb="0"/><line nr="473" mi="0" ci="3" mb="1" cb="1"/><line nr="474" mi="0" ci="6" mb="1" cb="1"/><line nr="475" mi="0" ci="6" mb="0" cb="0"/><line nr="476" mi="0" ci="4" mb="1" cb="1"/><line nr="477" mi="4" ci="0" mb="0" cb="0"/><line nr="478" mi="1" ci="0" mb="0" cb="0"/><line nr="480" mi="0" ci="2" mb="0" cb="0"/><line nr="482" mi="4" ci="0" mb="0" cb="0"/><line nr="483" mi="1" ci="0" mb="0" cb="0"/><line nr="486" mi="1" ci="0" mb="0" cb="0"/><line nr="489" mi="0" ci="2" mb="0" cb="0"/><line nr="490" mi="0" ci="9" mb="0" cb="0"/><line nr="492" mi="0" ci="6" mb="0" cb="0"/><line nr="493" mi="1" ci="0" mb="0" cb="0"/><line nr="494" mi="5" ci="0" mb="0" cb="0"/><line nr="495" mi="0" ci="1" mb="0" cb="0"/><line nr="496" mi="0" ci="1" mb="0" cb="0"/><line nr="497" mi="0" ci="1" mb="0" cb="0"/><line nr="499" mi="0" ci="2" mb="0" cb="0"/><line nr="501" mi="0" ci="5" mb="0" cb="0"/><line nr="502" mi="1" ci="0" mb="0" cb="0"/><line nr="503" mi="5" ci="0" mb="0" cb="0"/><line nr="504" mi="0" ci="1" mb="0" cb="0"/><line nr="505" mi="0" ci="1" mb="0" cb="0"/><line nr="508" mi="0" ci="6" mb="0" cb="0"/><line nr="510" mi="0" ci="6" mb="0" cb="2"/><line nr="511" mi="0" ci="4" mb="0" cb="0"/><line nr="512" mi="0" ci="6" mb="0" cb="0"/><line nr="514" mi="0" ci="4" mb="0" cb="0"/><line nr="515" mi="0" ci="4" mb="0" cb="0"/><line nr="516" mi="0" ci="4" mb="2" cb="2"/><line nr="517" mi="5" ci="0" mb="0" cb="0"/><line nr="518" mi="1" ci="0" mb="0" cb="0"/><line nr="521" mi="0" ci="5" mb="0" cb="0"/><line nr="522" mi="0" ci="7" mb="0" cb="0"/><line nr="523" mi="0" ci="4" mb="0" cb="0"/><line nr="525" mi="0" ci="6" mb="0" cb="0"/><line nr="527" mi="0" ci="14" mb="1" cb="3"/><line nr="528" mi="0" ci="7" mb="0" cb="0"/><line nr="529" mi="0" ci="2" mb="0" cb="0"/><line nr="531" mi="0" ci="1" mb="0" cb="0"/><line nr="534" mi="0" ci="2" mb="0" cb="0"/><line nr="535" mi="0" ci="14" mb="0" cb="0"/><line nr="536" mi="0" ci="1" mb="0" cb="0"/><line nr="538" mi="0" ci="2" mb="0" cb="0"/><line nr="540" mi="0" ci="5" mb="0" cb="0"/><line nr="541" mi="1" ci="0" mb="0" cb="0"/><line nr="542" mi="5" ci="0" mb="0" cb="0"/><line nr="543" mi="0" ci="1" mb="0" cb="0"/><line nr="544" mi="0" ci="1" mb="0" cb="0"/><line nr="548" mi="0" ci="2" mb="0" cb="0"/><line nr="550" mi="0" ci="2" mb="0" cb="0"/><line nr="553" mi="0" ci="4" mb="0" cb="0"/><line nr="554" mi="0" ci="1" mb="0" cb="0"/><line nr="555" mi="0" ci="4" mb="0" cb="0"/><line nr="556" mi="0" ci="2" mb="0" cb="0"/><line nr="562" mi="0" ci="3" mb="0" cb="0"/><line nr="563" mi="0" ci="2" mb="0" cb="0"/><line nr="564" mi="0" ci="1" mb="0" cb="0"/><line nr="565" mi="0" ci="2" mb="0" cb="0"/><counter type="INSTRUCTION" missed="153" covered="996"/><counter type="BRANCH" missed="41" covered="111"/><counter type="LINE" missed="49" covered="269"/><counter type="COMPLEXITY" missed="39" covered="73"/><counter type="METHOD" missed="3" covered="33"/><counter type="CLASS" missed="0" covered="1"/></sourcefile><sourcefile name="AdminObject.java"><line nr="16" mi="0" ci="3" mb="0" cb="0"/><line nr="17" mi="0" ci="3" mb="0" cb="0"/><line nr="18" mi="0" ci="5" mb="0" cb="0"/><line nr="19" mi="0" ci="3" mb="0" cb="0"/><line nr="20" mi="0" ci="1" mb="0" cb="0"/><line nr="23" mi="0" ci="3" mb="0" cb="0"/><line nr="27" mi="0" ci="6" mb="0" cb="0"/><line nr="28" mi="0" ci="3" mb="0" cb="0"/><line nr="29" mi="0" ci="3" mb="0" cb="0"/><line nr="30" mi="0" ci="1" mb="0" cb="0"/><line nr="33" mi="0" ci="3" mb="0" cb="0"/><line nr="37" mi="0" ci="5" mb="0" cb="0"/><line nr="38" mi="0" ci="1" mb="0" cb="0"/><line nr="41" mi="11" ci="0" mb="0" cb="0"/><line nr="42" mi="1" ci="0" mb="0" cb="0"/><line nr="45" mi="0" ci="3" mb="0" cb="0"/><line nr="49" mi="0" ci="3" mb="0" cb="0"/><line nr="53" mi="0" ci="3" mb="0" cb="0"/><line nr="57" mi="0" ci="3" mb="0" cb="0"/><line nr="58" mi="0" ci="1" mb="0" cb="0"/><line nr="61" mi="0" ci="8" mb="0" cb="0"/><line nr="62" mi="0" ci="11" mb="0" cb="2"/><line nr="63" mi="0" ci="5" mb="0" cb="0"/><line nr="64" mi="0" ci="10" mb="0" cb="0"/><line nr="65" mi="0" ci="2" mb="0" cb="0"/><line nr="66" mi="0" ci="1" mb="0" cb="0"/><line nr="67" mi="0" ci="3" mb="0" cb="0"/><line nr="68" mi="0" ci="1" mb="0" cb="0"/><counter type="INSTRUCTION" missed="12" covered="94"/><counter type="BRANCH" missed="0" covered="2"/><counter type="LINE" missed="2" covered="26"/><counter type="COMPLEXITY" missed="2" covered="12"/><counter type="METHOD" missed="2" covered="11"/><counter type="CLASS" missed="0" covered="1"/></sourcefile><counter type="INSTRUCTION" missed="165" covered="1090"/><counter type="BRANCH" missed="41" covered="113"/><counter type="LINE" missed="51" covered="295"/><counter type="COMPLEXITY" missed="41" covered="85"/><counter type="METHOD" missed="5" covered="44"/><counter type="CLASS" missed="0" covered="2"/></package><package name="tributary/core/typeHandlerFactory"><class name="tributary/core/typeHandlerFactory/StringHandler" sourcefilename="StringHandler.java"><method name="&lt;init&gt;" desc="()V" line="3"><counter type="INSTRUCTION" missed="0" covered="3"/><counter type="LINE" missed="0" covered="1"/><counter type="COMPLEXITY" missed="0" covered="1"/><counter type="METHOD" missed="0" covered="1"/></method><method name="handle" desc="(Ljava/lang/Object;)Ljava/lang/String;" line="6"><counter type="INSTRUCTION" missed="0" covered="3"/><counter type="LINE" missed="0" covered="1"/><counter type="COMPLEXITY" missed="0" covered="1"/><counter type="METHOD" missed="0" covered="1"/></method><method name="valueToString" desc="(Ljava/lang/Object;)Ljava/lang/String;" line="11"><counter type="INSTRUCTION" missed="0" covered="3"/><counter type="LINE" missed="0" covered="1"/><counter type="COMPLEXITY" missed="0" covered="1"/><counter type="METHOD" missed="0" covered="1"/></method><method name="stringToValue" desc="(Ljava/lang/String;)Ljava/lang/String;" line="16"><counter type="INSTRUCTION" missed="0" covered="2"/><counter type="LINE" missed="0" covered="1"/><counter type="COMPLEXITY" missed="0" covered="1"/><counter type="METHOD" missed="0" covered="1"/></method><counter type="INSTRUCTION" missed="0" covered="11"/><counter type="LINE" missed="0" covered="4"/><counter type="COMPLEXITY" missed="0" covered="4"/><counter type="METHOD" missed="0" covered="4"/><counter type="CLASS" missed="0" covered="1"/></class><class name="tributary/core/typeHandlerFactory/ByteHandler" sourcefilename="ByteHandler.java"><method name="&lt;init&gt;" desc="()V" line="5"><counter type="INSTRUCTION" missed="0" covered="3"/><counter type="LINE" missed="0" covered="1"/><counter type="COMPLEXITY" missed="0" covered="1"/><counter type="METHOD" missed="0" covered="1"/></method><method name="handle" desc="(Ljava/lang/Object;)[B" line="9"><counter type="INSTRUCTION" missed="20" covered="0"/><counter type="BRANCH" missed="4" covered="0"/><counter type="LINE" missed="5" covered="0"/><counter type="COMPLEXITY" missed="3" covered="0"/><counter type="METHOD" missed="1" covered="0"/></method><method name="valueToString" desc="(Ljava/lang/Object;)Ljava/lang/String;" line="22"><counter type="INSTRUCTION" missed="3" covered="10"/><counter type="BRANCH" missed="1" covered="1"/><counter type="LINE" missed="1" covered="2"/><counter type="COMPLEXITY" missed="1" covered="1"/><counter type="METHOD" missed="0" covered="1"/></method><method name="stringToValue" desc="(Ljava/lang/String;)[B" line="30"><counter type="INSTRUCTION" missed="0" covered="4"/><counter type="LINE" missed="0" covered="1"/><counter type="COMPLEXITY" missed="0" covered="1"/><counter type="METHOD" missed="0" covered="1"/></method><counter type="INSTRUCTION" missed="23" covered="17"/><counter type="BRANCH" missed="5" covered="1"/><counter type="LINE" missed="6" covered="4"/><counter type="COMPLEXITY" missed="4" covered="3"/><counter type="METHOD" missed="1" covered="3"/><counter type="CLASS" missed="0" covered="1"/></class><class name="tributary/core/typeHandlerFactory/TypeHandlerFactory" sourcefilename="TypeHandlerFactory.java"><method name="&lt;init&gt;" desc="()V" line="6"><counter type="INSTRUCTION" missed="3" covered="0"/><counter type="LINE" missed="1" covered="0"/><counter type="COMPLEXITY" missed="1" covered="0"/><counter type="METHOD" missed="1" covered="0"/></method><method name="getHandler" desc="(Ljava/lang/Class;)Ltributary/core/typeHandlerFactory/TypeHandler;" line="17"><counter type="INSTRUCTION" missed="0" covered="5"/><counter type="LINE" missed="0" covered="1"/><counter type="COMPLEXITY" missed="0" covered="1"/><counter type="METHOD" missed="0" covered="1"/></method><method name="&lt;clinit&gt;" desc="()V" line="7"><counter type="INSTRUCTION" missed="0" covered="26"/><counter type="LINE" missed="0" covered="5"/><counter type="COMPLEXITY" missed="0" covered="1"/><counter type="METHOD" missed="0" covered="1"/></method><counter type="INSTRUCTION" missed="3" covered="31"/><counter type="LINE" missed="1" covered="6"/><counter type="COMPLEXITY" missed="1" covered="2"/><counter type="METHOD" missed="1" covered="2"/><counter type="CLASS" missed="0" covered="1"/></class><class name="tributary/core/typeHandlerFactory/TypeHandler" sourcefilename="TypeHandler.java"/><class name="tributary/core/typeHandlerFactory/IntegerHandler" sourcefilename="IntegerHandler.java"><method name="&lt;init&gt;" desc="()V" line="3"><counter type="INSTRUCTION" missed="0" covered="3"/><counter type="LINE" missed="0" covered="1"/><counter type="COMPLEXITY" missed="0" covered="1"/><counter type="METHOD" missed="0" covered="1"/></method><method name="handle" desc="(Ljava/lang/Object;)Ljava/lang/Integer;" line="6"><counter type="INSTRUCTION" missed="6" covered="8"/><counter type="BRANCH" missed="1" covered="1"/><counter type="LINE" missed="1" covered="2"/><counter type="COMPLEXITY" missed="1" covered="1"/><counter type="METHOD" missed="0" covered="1"/></method><method name="valueToString" desc="(Ljava/lang/Object;)Ljava/lang/String;" line="15"><counter type="INSTRUCTION" missed="0" covered="6"/><counter type="LINE" missed="0" covered="1"/><counter type="COMPLEXITY" missed="0" covered="1"/><counter type="METHOD" missed="0" covered="1"/></method><method name="stringToValue" desc="(Ljava/lang/String;)Ljava/lang/Integer;" line="20"><counter type="INSTRUCTION" missed="0" covered="4"/><counter type="LINE" missed="0" covered="1"/><counter type="COMPLEXITY" missed="0" covered="1"/><counter type="METHOD" missed="0" covered="1"/></method><counter type="INSTRUCTION" missed="6" covered="21"/><counter type="BRANCH" missed="1" covered="1"/><counter type="LINE" missed="1" covered="5"/><counter type="COMPLEXITY" missed="1" covered="4"/><counter type="METHOD" missed="0" covered="4"/><counter type="CLASS" missed="0" covered="1"/></class><sourcefile name="TypeHandler.java"/><sourcefile name="IntegerHandler.java"><line nr="3" mi="0" ci="3" mb="0" cb="0"/><line nr="6" mi="0" ci="3" mb="1" cb="1"/><line nr="7" mi="0" ci="5" mb="0" cb="0"/><line nr="9" mi="6" ci="0" mb="0" cb="0"/><line nr="15" mi="0" ci="6" mb="0" cb="0"/><line nr="20" mi="0" ci="4" mb="0" cb="0"/><counter type="INSTRUCTION" missed="6" covered="21"/><counter type="BRANCH" missed="1" covered="1"/><counter type="LINE" missed="1" covered="5"/><counter type="COMPLEXITY" missed="1" covered="4"/><counter type="METHOD" missed="0" covered="4"/><counter type="CLASS" missed="0" covered="1"/></sourcefile><sourcefile name="StringHandler.java"><line nr="3" mi="0" ci="3" mb="0" cb="0"/><line nr="6" mi="0" ci="3" mb="0" cb="0"/><line nr="11" mi="0" ci="3" mb="0" cb="0"/><line nr="16" mi="0" ci="2" mb="0" cb="0"/><counter type="INSTRUCTION" missed="0" covered="11"/><counter type="LINE" missed="0" covered="4"/><counter type="COMPLEXITY" missed="0" covered="4"/><counter type="METHOD" missed="0" covered="4"/><counter type="CLASS" missed="0" covered="1"/></sourcefile><sourcefile name="TypeHandlerFactory.java"><line nr="6" mi="3" ci="0" mb="0" cb="0"/><line nr="7" mi="0" ci="4" mb="0" cb="0"/><line nr="10" mi="0" ci="7" mb="0" cb="0"/><line nr="11" mi="0" ci="7" mb="0" cb="0"/><line nr="12" mi="0" ci="7" mb="0" cb="0"/><line nr="13" mi="0" ci="1" mb="0" cb="0"/><line nr="17" mi="0" ci="5" mb="0" cb="0"/><counter type="INSTRUCTION" missed="3" covered="31"/><counter type="LINE" missed="1" covered="6"/><counter type="COMPLEXITY" missed="1" covered="2"/><counter type="METHOD" missed="1" covered="2"/><counter type="CLASS" missed="0" covered="1"/></sourcefile><sourcefile name="ByteHandler.java"><line nr="5" mi="0" ci="3" mb="0" cb="0"/><line nr="9" mi="3" ci="0" mb="2" cb="0"/><line nr="11" mi="5" ci="0" mb="0" cb="0"/><line nr="12" mi="3" ci="0" mb="2" cb="0"/><line nr="14" mi="3" ci="0" mb="0" cb="0"/><line nr="16" mi="6" ci="0" mb="0" cb="0"/><line nr="22" mi="0" ci="3" mb="1" cb="1"/><line nr="23" mi="0" ci="7" mb="0" cb="0"/><line nr="25" mi="3" ci="0" mb="0" cb="0"/><line nr="30" mi="0" ci="4" mb="0" cb="0"/><counter type="INSTRUCTION" missed="23" covered="17"/><counter type="BRANCH" missed="5" covered="1"/><counter type="LINE" missed="6" covered="4"/><counter type="COMPLEXITY" missed="4" covered="3"/><counter type="METHOD" missed="1" covered="3"/><counter type="CLASS" missed="0" covered="1"/></sourcefile><counter type="INSTRUCTION" missed="32" covered="80"/><counter type="BRANCH" missed="6" covered="2"/><counter type="LINE" missed="8" covered="19"/><counter type="COMPLEXITY" missed="6" covered="13"/><counter type="METHOD" missed="2" covered="13"/><counter type="CLASS" missed="0" covered="4"/></package><package name="tributary/core/tokenManager"><class name="tributary/core/tokenManager/TokenManager" sourcefilename="TokenManager.java"><method name="&lt;init&gt;" desc="()V" line="8"><counter type="INSTRUCTION" missed="3" covered="0"/><counter type="LINE" missed="1" covered="0"/><counter type="COMPLEXITY" missed="1" covered="0"/><counter type="METHOD" missed="1" covered="0"/></method><method name="generateToken" desc="(Ljava/lang/String;J)Ljava/lang/String;" line="13"><counter type="INSTRUCTION" missed="0" covered="8"/><counter type="LINE" missed="0" covered="2"/><counter type="COMPLEXITY" missed="0" covered="1"/><counter type="METHOD" missed="0" covered="1"/></method><method name="hashSHA256" desc="(Ljava/lang/String;)Ljava/lang/String;" line="19"><counter type="INSTRUCTION" missed="6" covered="43"/><counter type="BRANCH" missed="0" covered="2"/><counter type="LINE" missed="2" covered="6"/><counter type="COMPLEXITY" missed="0" covered="2"/><counter type="METHOD" missed="0" covered="1"/></method><method name="validateToken" desc="(Ljava/lang/String;Ljava/lang/String;JLjava/lang/String;)Z" line="32"><counter type="INSTRUCTION" missed="0" covered="10"/><counter type="LINE" missed="0" covered="2"/><counter type="COMPLEXITY" missed="0" covered="1"/><counter type="METHOD" missed="0" covered="1"/></method><method name="&lt;clinit&gt;" desc="()V" line="9"><counter type="INSTRUCTION" missed="0" covered="7"/><counter type="LINE" missed="0" covered="2"/><counter type="COMPLEXITY" missed="0" covered="1"/><counter type="METHOD" missed="0" covered="1"/></method><counter type="INSTRUCTION" missed="9" covered="68"/><counter type="BRANCH" missed="0" covered="2"/><counter type="LINE" missed="3" covered="12"/><counter type="COMPLEXITY" missed="1" covered="5"/><counter type="METHOD" missed="1" covered="4"/><counter type="CLASS" missed="0" covered="1"/></class><sourcefile name="TokenManager.java"><line nr="8" mi="3" ci="0" mb="0" cb="0"/><line nr="9" mi="0" ci="2" mb="0" cb="0"/><line nr="10" mi="0" ci="5" mb="0" cb="0"/><line nr="13" mi="0" ci="5" mb="0" cb="0"/><line nr="14" mi="0" ci="3" mb="0" cb="0"/><line nr="19" mi="0" ci="3" mb="0" cb="0"/><line nr="20" mi="0" ci="5" mb="0" cb="0"/><line nr="21" mi="0" ci="4" mb="0" cb="0"/><line nr="22" mi="0" ci="16" mb="0" cb="2"/><line nr="23" mi="0" ci="12" mb="0" cb="0"/><line nr="25" mi="0" ci="3" mb="0" cb="0"/><line nr="26" mi="1" ci="0" mb="0" cb="0"/><line nr="27" mi="5" ci="0" mb="0" cb="0"/><line nr="32" mi="0" ci="5" mb="0" cb="0"/><line nr="33" mi="0" ci="5" mb="0" cb="0"/><counter type="INSTRUCTION" missed="9" covered="68"/><counter type="BRANCH" missed="0" covered="2"/><counter type="LINE" missed="3" covered="12"/><counter type="COMPLEXITY" missed="1" covered="5"/><counter type="METHOD" missed="1" covered="4"/><counter type="CLASS" missed="0" covered="1"/></sourcefile><counter type="INSTRUCTION" missed="9" covered="68"/><counter type="BRANCH" missed="0" covered="2"/><counter type="LINE" missed="3" covered="12"/><counter type="COMPLEXITY" missed="1" covered="5"/><counter type="METHOD" missed="1" covered="4"/><counter type="CLASS" missed="0" covered="1"/></package><package name="tributary/core/encryptionManager"><class name="tributary/core/encryptionManager/EncryptionManager" sourcefilename="EncryptionManager.java"><method name="&lt;init&gt;" desc="()V" line="20"><counter type="INSTRUCTION" missed="0" covered="25"/><counter type="LINE" missed="0" covered="7"/><counter type="COMPLEXITY" missed="0" covered="1"/><counter type="METHOD" missed="0" covered="1"/></method><method name="encrypt" desc="(Ljava/lang/String;)Ljava/lang/String;" line="36"><counter type="INSTRUCTION" missed="0" covered="44"/><counter type="BRANCH" missed="0" covered="2"/><counter type="LINE" missed="0" covered="7"/><counter type="COMPLEXITY" missed="0" covered="2"/><counter type="METHOD" missed="0" covered="1"/></method><method name="decrypt" desc="(Ljava/lang/String;J)Ljava/lang/String;" line="51"><counter type="INSTRUCTION" missed="0" covered="42"/><counter type="BRANCH" missed="0" covered="2"/><counter type="LINE" missed="0" covered="7"/><counter type="COMPLEXITY" missed="0" covered="2"/><counter type="METHOD" missed="0" covered="1"/></method><method name="modularExponentiation" desc="(JJJ)J" line="67"><counter type="INSTRUCTION" missed="0" covered="35"/><counter type="BRANCH" missed="0" covered="4"/><counter type="LINE" missed="0" covered="8"/><counter type="COMPLEXITY" missed="0" covered="3"/><counter type="METHOD" missed="0" covered="1"/></method><method name="modularInverse" desc="(JJ)J" line="83"><counter type="INSTRUCTION" missed="2" covered="47"/><counter type="BRANCH" missed="1" covered="5"/><counter type="LINE" missed="1" covered="14"/><counter type="COMPLEXITY" missed="1" covered="3"/><counter type="METHOD" missed="0" covered="1"/></method><method name="generateCoprime" desc="(J)J" line="110"><counter type="INSTRUCTION" missed="0" covered="22"/><counter type="BRANCH" missed="0" covered="2"/><counter type="LINE" missed="0" covered="4"/><counter type="COMPLEXITY" missed="0" covered="2"/><counter type="METHOD" missed="0" covered="1"/></method><method name="gcd" desc="(JJ)J" line="122"><counter type="INSTRUCTION" missed="0" covered="15"/><counter type="BRANCH" missed="0" covered="2"/><counter type="LINE" missed="0" covered="6"/><counter type="COMPLEXITY" missed="0" covered="2"/><counter type="METHOD" missed="0" covered="1"/></method><method name="getModulus" desc="()J" line="131"><counter type="INSTRUCTION" missed="3" covered="0"/><counter type="LINE" missed="1" covered="0"/><counter type="COMPLEXITY" missed="1" covered="0"/><counter type="METHOD" missed="1" covered="0"/></method><method name="getEulersTotient" desc="(JJ)J" line="135"><counter type="INSTRUCTION" missed="0" covered="8"/><counter type="LINE" missed="0" covered="1"/><counter type="COMPLEXITY" missed="0" covered="1"/><counter type="METHOD" missed="0" covered="1"/></method><method name="getPublicKey" desc="()J" line="139"><counter type="INSTRUCTION" missed="0" covered="3"/><counter type="LINE" missed="0" covered="1"/><counter type="COMPLEXITY" missed="0" covered="1"/><counter type="METHOD" missed="0" covered="1"/></method><method name="stringToLongArray" desc="(Ljava/lang/String;)[J" line="143"><counter type="INSTRUCTION" missed="63" covered="0"/><counter type="BRANCH" missed="4" covered="0"/><counter type="LINE" missed="10" covered="0"/><counter type="COMPLEXITY" missed="3" covered="0"/><counter type="METHOD" missed="1" covered="0"/></method><method name="longArrayToString" desc="([J)Ljava/lang/String;" line="166"><counter type="INSTRUCTION" missed="43" covered="0"/><counter type="BRANCH" missed="2" covered="0"/><counter type="LINE" missed="6" covered="0"/><counter type="COMPLEXITY" missed="2" covered="0"/><counter type="METHOD" missed="1" covered="0"/></method><method name="main" desc="([Ljava/lang/String;)V" line="181"><counter type="INSTRUCTION" missed="40" covered="0"/><counter type="BRANCH" missed="2" covered="0"/><counter type="LINE" missed="11" covered="0"/><counter type="COMPLEXITY" missed="2" covered="0"/><counter type="METHOD" missed="1" covered="0"/></method><method name="&lt;clinit&gt;" desc="()V" line="12"><counter type="INSTRUCTION" missed="0" covered="11"/><counter type="LINE" missed="0" covered="3"/><counter type="COMPLEXITY" missed="0" covered="1"/><counter type="METHOD" missed="0" covered="1"/></method><counter type="INSTRUCTION" missed="151" covered="252"/><counter type="BRANCH" missed="9" covered="17"/><counter type="LINE" missed="29" covered="58"/><counter type="COMPLEXITY" missed="9" covered="18"/><counter type="METHOD" missed="4" covered="10"/><counter type="CLASS" missed="0" covered="1"/></class><sourcefile name="EncryptionManager.java"><line nr="12" mi="0" ci="2" mb="0" cb="0"/><line nr="13" mi="0" ci="4" mb="0" cb="0"/><line nr="14" mi="0" ci="5" mb="0" cb="0"/><line nr="20" mi="0" ci="2" mb="0" cb="0"/><line nr="21" mi="0" ci="3" mb="0" cb="0"/><line nr="22" mi="0" ci="3" mb="0" cb="0"/><line nr="25" mi="0" ci="5" mb="0" cb="0"/><line nr="28" mi="0" ci="6" mb="0" cb="0"/><line nr="31" mi="0" ci="5" mb="0" cb="0"/><line nr="32" mi="0" ci="1" mb="0" cb="0"/><line nr="36" mi="0" ci="4" mb="0" cb="0"/><line nr="37" mi="0" ci="4" mb="0" cb="0"/><line nr="38" mi="0" ci="4" mb="0" cb="0"/><line nr="40" mi="0" ci="8" mb="0" cb="2"/><line nr="42" mi="0" ci="12" mb="0" cb="0"/><line nr="43" mi="0" ci="8" mb="0" cb="0"/><line nr="46" mi="0" ci="4" mb="0" cb="0"/><line nr="51" mi="0" ci="4" mb="0" cb="0"/><line nr="52" mi="0" ci="4" mb="0" cb="0"/><line nr="53" mi="0" ci="5" mb="0" cb="0"/><line nr="55" mi="0" ci="8" mb="0" cb="2"/><line nr="56" mi="0" ci="9" mb="0" cb="0"/><line nr="57" mi="0" ci="6" mb="0" cb="0"/><line nr="60" mi="0" ci="6" mb="0" cb="0"/><line nr="67" mi="0" ci="2" mb="0" cb="0"/><line nr="68" mi="0" ci="4" mb="0" cb="0"/><line nr="70" mi="0" ci="4" mb="0" cb="2"/><line nr="71" mi="0" ci="6" mb="0" cb="2"/><line nr="72" mi="0" ci="6" mb="0" cb="0"/><line nr="74" mi="0" ci="4" mb="0" cb="0"/><line nr="75" mi="0" ci="7" mb="0" cb="0"/><line nr="78" mi="0" ci="2" mb="0" cb="0"/><line nr="83" mi="0" ci="6" mb="0" cb="0"/><line nr="85" mi="0" ci="4" mb="1" cb="1"/><line nr="86" mi="2" ci="0" mb="0" cb="0"/><line nr="88" mi="0" ci="4" mb="0" cb="2"/><line nr="89" mi="0" ci="4" mb="0" cb="0"/><line nr="90" mi="0" ci="2" mb="0" cb="0"/><line nr="93" mi="0" ci="4" mb="0" cb="0"/><line nr="94" mi="0" ci="2" mb="0" cb="0"/><line nr="95" mi="0" ci="2" mb="0" cb="0"/><line nr="97" mi="0" ci="6" mb="0" cb="0"/><line nr="98" mi="0" ci="2" mb="0" cb="0"/><line nr="99" mi="0" ci="1" mb="0" cb="0"/><line nr="102" mi="0" ci="4" mb="0" cb="2"/><line nr="103" mi="0" ci="4" mb="0" cb="0"/><line nr="105" mi="0" ci="2" mb="0" cb="0"/><line nr="110" mi="0" ci="4" mb="0" cb="0"/><line nr="114" mi="0" ci="10" mb="0" cb="0"/><line nr="115" mi="0" ci="6" mb="0" cb="2"/><line nr="117" mi="0" ci="2" mb="0" cb="0"/><line nr="122" mi="0" ci="4" mb="0" cb="2"/><line nr="123" mi="0" ci="2" mb="0" cb="0"/><line nr="124" mi="0" ci="4" mb="0" cb="0"/><line nr="125" mi="0" ci="2" mb="0" cb="0"/><line nr="126" mi="0" ci="1" mb="0" cb="0"/><line nr="127" mi="0" ci="2" mb="0" cb="0"/><line nr="131" mi="3" ci="0" mb="0" cb="0"/><line nr="135" mi="0" ci="8" mb="0" cb="0"/><line nr="139" mi="0" ci="3" mb="0" cb="0"/><line nr="143" mi="4" ci="0" mb="0" cb="0"/><line nr="144" mi="4" ci="0" mb="0" cb="0"/><line nr="146" mi="16" ci="0" mb="2" cb="0"/><line nr="147" mi="4" ci="0" mb="0" cb="0"/><line nr="150" mi="4" ci="0" mb="2" cb="0"/><line nr="151" mi="5" ci="0" mb="0" cb="0"/><line nr="155" mi="3" ci="0" mb="0" cb="0"/><line nr="156" mi="10" ci="0" mb="0" cb="0"/><line nr="159" mi="7" ci="0" mb="0" cb="0"/><line nr="162" mi="6" ci="0" mb="0" cb="0"/><line nr="166" mi="4" ci="0" mb="0" cb="0"/><line nr="168" mi="16" ci="0" mb="2" cb="0"/><line nr="170" mi="6" ci="0" mb="0" cb="0"/><line nr="173" mi="7" ci="0" mb="0" cb="0"/><line nr="174" mi="6" ci="0" mb="0" cb="0"/><line nr="177" mi="4" ci="0" mb="0" cb="0"/><line nr="181" mi="4" ci="0" mb="0" cb="0"/><line nr="183" mi="2" ci="0" mb="0" cb="0"/><line nr="184" mi="4" ci="0" mb="0" cb="0"/><line nr="187" mi="4" ci="0" mb="0" cb="0"/><line nr="188" mi="4" ci="0" mb="0" cb="0"/><line nr="191" mi="6" ci="0" mb="0" cb="0"/><line nr="192" mi="4" ci="0" mb="0" cb="0"/><line nr="194" mi="4" ci="0" mb="2" cb="0"/><line nr="195" mi="4" ci="0" mb="0" cb="0"/><line nr="197" mi="3" ci="0" mb="0" cb="0"/><line nr="199" mi="1" ci="0" mb="0" cb="0"/><counter type="INSTRUCTION" missed="151" covered="252"/><counter type="BRANCH" missed="9" covered="17"/><counter type="LINE" missed="29" covered="58"/><counter type="COMPLEXITY" missed="9" covered="18"/><counter type="METHOD" missed="4" covered="10"/><counter type="CLASS" missed="0" covered="1"/></sourcefile><counter type="INSTRUCTION" missed="151" covered="252"/><counter type="BRANCH" missed="9" covered="17"/><counter type="LINE" missed="29" covered="58"/><counter type="COMPLEXITY" missed="9" covered="18"/><counter type="METHOD" missed="4" covered="10"/><counter type="CLASS" missed="0" covered="1"/></package><package name="tributary/api"><class name="tributary/api/TributaryCluster" sourcefilename="TributaryCluster.java"><method name="&lt;init&gt;" desc="()V" line="16"><counter type="INSTRUCTION" missed="0" covered="18"/><counter type="LINE" missed="0" covered="5"/><counter type="COMPLEXITY" missed="0" covered="1"/><counter type="METHOD" missed="0" covered="1"/></method><method name="getInstance" desc="()Ltributary/api/TributaryCluster;" line="23"><counter type="INSTRUCTION" missed="0" covered="8"/><counter type="BRANCH" missed="0" covered="2"/><counter type="LINE" missed="0" covered="3"/><counter type="COMPLEXITY" missed="0" covered="2"/><counter type="METHOD" missed="0" covered="1"/></method><method name="addTopic" desc="(Ltributary/api/Topic;)V" line="31"><counter type="INSTRUCTION" missed="0" covered="6"/><counter type="LINE" missed="0" covered="2"/><counter type="COMPLEXITY" missed="0" covered="1"/><counter type="METHOD" missed="0" covered="1"/></method><method name="addProducer" desc="(Ltributary/api/producers/Producer;)V" line="35"><counter type="INSTRUCTION" missed="0" covered="6"/><counter type="LINE" missed="0" covered="2"/><counter type="COMPLEXITY" missed="0" covered="1"/><counter type="METHOD" missed="0" covered="1"/></method><method name="addGroup" desc="(Ltributary/api/ConsumerGroup;)V" line="39"><counter type="INSTRUCTION" missed="0" covered="6"/><counter type="LINE" missed="0" covered="2"/><counter type="COMPLEXITY" missed="0" covered="1"/><counter type="METHOD" missed="0" covered="1"/></method><method name="removeTopic" desc="(Ljava/lang/String;)V" line="43"><counter type="INSTRUCTION" missed="7" covered="0"/><counter type="LINE" missed="2" covered="0"/><counter type="COMPLEXITY" missed="1" covered="0"/><counter type="METHOD" missed="1" covered="0"/></method><method name="getTopic" desc="(Ljava/lang/String;)Ltributary/api/Topic;" line="47"><counter type="INSTRUCTION" missed="0" covered="11"/><counter type="LINE" missed="0" covered="1"/><counter type="COMPLEXITY" missed="0" covered="1"/><counter type="METHOD" missed="0" covered="1"/></method><method name="getConsumerGroup" desc="(Ljava/lang/String;)Ltributary/api/ConsumerGroup;" line="51"><counter type="INSTRUCTION" missed="0" covered="11"/><counter type="LINE" missed="0" covered="1"/><counter type="COMPLEXITY" missed="0" covered="1"/><counter type="METHOD" missed="0" covered="1"/></method><method name="getProducer" desc="(Ljava/lang/String;)Ltributary/api/producers/Producer;" line="55"><counter type="INSTRUCTION" missed="0" covered="11"/><counter type="LINE" missed="0" covered="1"/><counter type="COMPLEXITY" missed="0" covered="1"/><counter type="METHOD" missed="0" covered="1"/></method><method name="listTopics" desc="()Ljava/util/List;" line="59"><counter type="INSTRUCTION" missed="0" covered="6"/><counter type="LINE" missed="0" covered="1"/><counter type="COMPLEXITY" missed="0" covered="1"/><counter type="METHOD" missed="0" covered="1"/></method><method name="listConsumerGroups" desc="()Ljava/util/List;" line="63"><counter type="INSTRUCTION" missed="0" covered="6"/><counter type="LINE" missed="0" covered="1"/><counter type="COMPLEXITY" missed="0" covered="1"/><counter type="METHOD" missed="0" covered="1"/></method><method name="listProducers" desc="()Ljava/util/List;" line="67"><counter type="INSTRUCTION" missed="0" covered="6"/><counter type="LINE" missed="0" covered="1"/><counter type="COMPLEXITY" missed="0" covered="1"/><counter type="METHOD" missed="0" covered="1"/></method><method name="deleteConsumer" desc="(Ljava/lang/String;)V" line="71"><counter type="INSTRUCTION" missed="6" covered="34"/><counter type="BRANCH" missed="2" covered="4"/><counter type="LINE" missed="3" covered="7"/><counter type="COMPLEXITY" missed="2" covered="2"/><counter type="METHOD" missed="0" covered="1"/></method><method name="setInstance" desc="(Ltributary/api/TributaryCluster;)V" line="85"><counter type="INSTRUCTION" missed="0" covered="3"/><counter type="LINE" missed="0" covered="2"/><counter type="COMPLEXITY" missed="0" covered="1"/><counter type="METHOD" missed="0" covered="1"/></method><method name="setAdminProdToken" desc="(Ljava/lang/String;)V" line="89"><counter type="INSTRUCTION" missed="0" covered="4"/><counter type="LINE" missed="0" covered="2"/><counter type="COMPLEXITY" missed="0" covered="1"/><counter type="METHOD" missed="0" covered="1"/></method><method name="setAdminConsToken" desc="(Ljava/lang/String;)V" line="93"><counter type="INSTRUCTION" missed="0" covered="4"/><counter type="LINE" missed="0" covered="2"/><counter type="COMPLEXITY" missed="0" covered="1"/><counter type="METHOD" missed="0" covered="1"/></method><method name="getAdminProdToken" desc="()Ljava/lang/String;" line="97"><counter type="INSTRUCTION" missed="0" covered="3"/><counter type="LINE" missed="0" covered="1"/><counter type="COMPLEXITY" missed="0" covered="1"/><counter type="METHOD" missed="0" covered="1"/></method><method name="getAdminConsToken" desc="()Ljava/lang/String;" line="101"><counter type="INSTRUCTION" missed="0" covered="3"/><counter type="LINE" missed="0" covered="1"/><counter type="COMPLEXITY" missed="0" covered="1"/><counter type="METHOD" missed="0" covered="1"/></method><method name="lambda$getProducer$3" desc="(Ljava/lang/String;Ltributary/api/producers/Producer;)Z" line="55"><counter type="INSTRUCTION" missed="0" covered="5"/><counter type="LINE" missed="0" covered="1"/><counter type="COMPLEXITY" missed="0" covered="1"/><counter type="METHOD" missed="0" covered="1"/></method><method name="lambda$getConsumerGroup$2" desc="(Ljava/lang/String;Ltributary/api/ConsumerGroup;)Z" line="51"><counter type="INSTRUCTION" missed="0" covered="5"/><counter type="LINE" missed="0" covered="1"/><counter type="COMPLEXITY" missed="0" covered="1"/><counter type="METHOD" missed="0" covered="1"/></method><method name="lambda$getTopic$1" desc="(Ljava/lang/String;Ltributary/api/Topic;)Z" line="47"><counter type="INSTRUCTION" missed="0" covered="5"/><counter type="LINE" missed="0" covered="1"/><counter type="COMPLEXITY" missed="0" covered="1"/><counter type="METHOD" missed="0" covered="1"/></method><method name="lambda$removeTopic$0" desc="(Ljava/lang/String;Ltributary/api/Topic;)Z" line="43"><counter type="INSTRUCTION" missed="5" covered="0"/><counter type="LINE" missed="1" covered="0"/><counter type="COMPLEXITY" missed="1" covered="0"/><counter type="METHOD" missed="1" covered="0"/></method><counter type="INSTRUCTION" missed="18" covered="161"/><counter type="BRANCH" missed="2" covered="6"/><counter type="LINE" missed="5" covered="35"/><counter type="COMPLEXITY" missed="4" covered="22"/><counter type="METHOD" missed="2" covered="20"/><counter type="CLASS" missed="0" covered="1"/></class><class name="tributary/api/Consumer" sourcefilename="Consumer.java"><method name="&lt;init&gt;" desc="(Ljava/lang/String;Ljava/lang/String;)V" line="14"><counter type="INSTRUCTION" missed="0" covered="17"/><counter type="LINE" missed="0" covered="5"/><counter type="COMPLEXITY" missed="0" covered="1"/><counter type="METHOD" missed="0" covered="1"/></method><method name="consume" desc="(Ltributary/api/Message;Ltributary/api/Partition;)V" line="23"><counter type="INSTRUCTION" missed="0" covered="76"/><counter type="BRANCH" missed="1" covered="3"/><counter type="LINE" missed="0" covered="13"/><counter type="COMPLEXITY" missed="1" covered="2"/><counter type="METHOD" missed="0" covered="1"/></method><method name="getGroup" desc="()Ljava/lang/String;" line="43"><counter type="INSTRUCTION" missed="0" covered="3"/><counter type="LINE" missed="0" covered="1"/><counter type="COMPLEXITY" missed="0" covered="1"/><counter type="METHOD" missed="0" covered="1"/></method><method name="assignPartition" desc="(Ltributary/api/Partition;)V" line="47"><counter type="INSTRUCTION" missed="0" covered="10"/><counter type="LINE" missed="0" covered="3"/><counter type="COMPLEXITY" missed="0" covered="1"/><counter type="METHOD" missed="0" covered="1"/></method><method name="unassignPartition" desc="(Ljava/lang/String;)V" line="52"><counter type="INSTRUCTION" missed="27" covered="0"/><counter type="BRANCH" missed="4" covered="0"/><counter type="LINE" missed="7" covered="0"/><counter type="COMPLEXITY" missed="3" covered="0"/><counter type="METHOD" missed="1" covered="0"/></method><method name="listAssignedPartitions" desc="()Ljava/util/List;" line="62"><counter type="INSTRUCTION" missed="0" covered="3"/><counter type="LINE" missed="0" covered="1"/><counter type="COMPLEXITY" missed="0" covered="1"/><counter type="METHOD" missed="0" covered="1"/></method><method name="clearAssignments" desc="()V" line="66"><counter type="INSTRUCTION" missed="0" covered="4"/><counter type="LINE" missed="0" covered="2"/><counter type="COMPLEXITY" missed="0" covered="1"/><counter type="METHOD" missed="0" covered="1"/></method><counter type="INSTRUCTION" missed="27" covered="113"/><counter type="BRANCH" missed="5" covered="3"/><counter type="LINE" missed="7" covered="25"/><counter type="COMPLEXITY" missed="4" covered="7"/><counter type="METHOD" missed="1" covered="6"/><counter type="CLASS" missed="0" covered="1"/></class><class name="tributary/api/Message" sourcefilename="Message.java"><method name="&lt;init&gt;" desc="(Ljava/lang/String;Ljava/time/LocalDateTime;Ljava/lang/Class;Ljava/util/Map;)V" line="31"><counter type="INSTRUCTION" missed="0" covered="17"/><counter type="LINE" missed="0" covered="6"/><counter type="COMPLEXITY" missed="0" covered="1"/><counter type="METHOD" missed="0" covered="1"/></method><method name="fromJson" desc="(Lorg/json/JSONObject;Ljava/lang/Class;)Ltributary/api/Message;" line="39"><counter type="INSTRUCTION" missed="12" covered="84"/><counter type="BRANCH" missed="2" covered="6"/><counter type="LINE" missed="2" covered="19"/><counter type="COMPLEXITY" missed="2" covered="3"/><counter type="METHOD" missed="0" covered="1"/></method><method name="getCreatedDate" desc="()Ljava/time/LocalDateTime;" line="74"><counter type="INSTRUCTION" missed="3" covered="0"/><counter type="LINE" missed="1" covered="0"/><counter type="COMPLEXITY" missed="1" covered="0"/><counter type="METHOD" missed="1" covered="0"/></method><method name="getPayloadType" desc="()Ljava/lang/Class;" line="78"><counter type="INSTRUCTION" missed="0" covered="3"/><counter type="LINE" missed="0" covered="1"/><counter type="COMPLEXITY" missed="0" covered="1"/><counter type="METHOD" missed="0" covered="1"/></method><method name="getContent" desc="()Ljava/util/Map;" line="82"><counter type="INSTRUCTION" missed="0" covered="3"/><counter type="LINE" missed="0" covered="1"/><counter type="COMPLEXITY" missed="0" covered="1"/><counter type="METHOD" missed="0" covered="1"/></method><method name="getPublicKey" desc="()J" line="86"><counter type="INSTRUCTION" missed="0" covered="3"/><counter type="LINE" missed="0" covered="1"/><counter type="COMPLEXITY" missed="0" covered="1"/><counter type="METHOD" missed="0" covered="1"/></method><method name="&lt;clinit&gt;" desc="()V" line="21"><counter type="INSTRUCTION" missed="0" covered="24"/><counter type="LINE" missed="0" covered="6"/><counter type="COMPLEXITY" missed="0" covered="1"/><counter type="METHOD" missed="0" covered="1"/></method><counter type="INSTRUCTION" missed="15" covered="134"/><counter type="BRANCH" missed="2" covered="6"/><counter type="LINE" missed="3" covered="34"/><counter type="COMPLEXITY" missed="3" covered="8"/><counter type="METHOD" missed="1" covered="6"/><counter type="CLASS" missed="0" covered="1"/></class><class name="tributary/api/Topic" sourcefilename="Topic.java"><method name="&lt;init&gt;" desc="(Ljava/lang/String;Ljava/lang/Class;)V" line="11"><counter type="INSTRUCTION" missed="0" covered="12"/><counter type="LINE" missed="0" covered="4"/><counter type="COMPLEXITY" missed="0" covered="1"/><counter type="METHOD" missed="0" covered="1"/></method><method name="getType" desc="()Ljava/lang/Class;" line="17"><counter type="INSTRUCTION" missed="0" covered="3"/><counter type="LINE" missed="0" covered="1"/><counter type="COMPLEXITY" missed="0" covered="1"/><counter type="METHOD" missed="0" covered="1"/></method><method name="addPartition" desc="(Ltributary/api/Partition;)V" line="21"><counter type="INSTRUCTION" missed="0" covered="6"/><counter type="LINE" missed="0" covered="2"/><counter type="COMPLEXITY" missed="0" covered="1"/><counter type="METHOD" missed="0" covered="1"/></method><method name="removePartition" desc="(Ljava/lang/String;)V" line="25"><counter type="INSTRUCTION" missed="7" covered="0"/><counter type="LINE" missed="2" covered="0"/><counter type="COMPLEXITY" missed="1" covered="0"/><counter type="METHOD" missed="1" covered="0"/></method><method name="getPartition" desc="(Ljava/lang/String;)Ltributary/api/Partition;" line="29"><counter type="INSTRUCTION" missed="0" covered="11"/><counter type="LINE" missed="0" covered="1"/><counter type="COMPLEXITY" missed="0" covered="1"/><counter type="METHOD" missed="0" covered="1"/></method><method name="listPartitions" desc="()Ljava/util/List;" line="33"><counter type="INSTRUCTION" missed="0" covered="3"/><counter type="LINE" missed="0" covered="1"/><counter type="COMPLEXITY" missed="0" covered="1"/><counter type="METHOD" missed="0" covered="1"/></method><method name="containsPartition" desc="(Ljava/lang/String;)Z" line="37"><counter type="INSTRUCTION" missed="0" covered="7"/><counter type="LINE" missed="0" covered="1"/><counter type="COMPLEXITY" missed="0" covered="1"/><counter type="METHOD" missed="0" covered="1"/></method><method name="showTopic" desc="()V" line="41"><counter type="INSTRUCTION" missed="0" covered="32"/><counter type="BRANCH" missed="0" covered="2"/><counter type="LINE" missed="0" covered="8"/><counter type="COMPLEXITY" missed="0" covered="2"/><counter type="METHOD" missed="0" covered="1"/></method><method name="lambda$showTopic$3" desc="(Ltributary/api/Message;)V" line="44"><counter type="INSTRUCTION" missed="0" covered="6"/><counter type="LINE" missed="0" covered="1"/><counter type="COMPLEXITY" missed="0" covered="1"/><counter type="METHOD" missed="0" covered="1"/></method><method name="lambda$containsPartition$2" desc="(Ljava/lang/String;Ltributary/api/Partition;)Z" line="37"><counter type="INSTRUCTION" missed="0" covered="5"/><counter type="LINE" missed="0" covered="1"/><counter type="COMPLEXITY" missed="0" covered="1"/><counter type="METHOD" missed="0" covered="1"/></method><method name="lambda$getPartition$1" desc="(Ljava/lang/String;Ltributary/api/Partition;)Z" line="29"><counter type="INSTRUCTION" missed="0" covered="5"/><counter type="LINE" missed="0" covered="1"/><counter type="COMPLEXITY" missed="0" covered="1"/><counter type="METHOD" missed="0" covered="1"/></method><method name="lambda$removePartition$0" desc="(Ljava/lang/String;Ltributary/api/Partition;)Z" line="25"><counter type="INSTRUCTION" missed="5" covered="0"/><counter type="LINE" missed="1" covered="0"/><counter type="COMPLEXITY" missed="1" covered="0"/><counter type="METHOD" missed="1" covered="0"/></method><counter type="INSTRUCTION" missed="12"
[...]
25" mi="0" ci="5" mb="0" cb="0"/><line nr="26" mi="0" ci="5" mb="0" cb="0"/><line nr="27" mi="0" ci="5" mb="0" cb="0"/><line nr="28" mi="0" ci="1" mb="0" cb="0"/><line nr="31" mi="0" ci="3" mb="0" cb="0"/><line nr="32" mi="0" ci="3" mb="0" cb="0"/><line nr="33" mi="0" ci="3" mb="0" cb="0"/><line nr="34" mi="0" ci="3" mb="0" cb="0"/><line nr="35" mi="0" ci="4" mb="0" cb="0"/><line nr="36" mi="0" ci="1" mb="0" cb="0"/><line nr="39" mi="0" ci="4" mb="0" cb="0"/><line nr="40" mi="0" ci="2" mb="0" cb="0"/><line nr="41" mi="0" ci="5" mb="0" cb="0"/><line nr="44" mi="0" ci="5" mb="0" cb="0"/><line nr="45" mi="0" ci="2" mb="1" cb="1"/><line nr="46" mi="6" ci="0" mb="0" cb="0"/><line nr="47" mi="0" ci="3" mb="0" cb="2"/><line nr="48" mi="0" ci="6" mb="0" cb="0"/><line nr="51" mi="0" ci="4" mb="0" cb="0"/><line nr="52" mi="0" ci="4" mb="0" cb="0"/><line nr="55" mi="0" ci="3" mb="0" cb="0"/><line nr="56" mi="0" ci="2" mb="1" cb="1"/><line nr="57" mi="6" ci="0" mb="0" cb="0"/><line nr="61" mi="0" ci="6" mb="0" cb="0"/><line nr="63" mi="0" ci="10" mb="0" cb="2"/><line nr="64" mi="0" ci="6" mb="0" cb="0"/><line nr="65" mi="0" ci="4" mb="0" cb="0"/><line nr="66" mi="0" ci="4" mb="0" cb="0"/><line nr="67" mi="0" ci="5" mb="0" cb="0"/><line nr="68" mi="0" ci="1" mb="0" cb="0"/><line nr="70" mi="0" ci="8" mb="0" cb="0"/><line nr="74" mi="3" ci="0" mb="0" cb="0"/><line nr="78" mi="0" ci="3" mb="0" cb="0"/><line nr="82" mi="0" ci="3" mb="0" cb="0"/><line nr="86" mi="0" ci="3" mb="0" cb="0"/><counter type="INSTRUCTION" missed="15" covered="134"/><counter type="BRANCH" missed="2" covered="6"/><counter type="LINE" missed="3" covered="34"/><counter type="COMPLEXITY" missed="3" covered="8"/><counter type="METHOD" missed="1" covered="6"/><counter type="CLASS" missed="0" covered="1"/></sourcefile><sourcefile name="Consumer.java"><line nr="14" mi="0" ci="5" mb="0" cb="0"/><line nr="17" mi="0" ci="3" mb="0" cb="0"/><line nr="18" mi="0" ci="3" mb="0" cb="0"/><line nr="19" mi="0" ci="5" mb="0" cb="0"/><line nr="20" mi="0" ci="1" mb="0" cb="0"/><line nr="23" mi="0" ci="4" mb="0" cb="0"/><line nr="24" mi="0" ci="4" mb="0" cb="0"/><line nr="26" mi="0" ci="12" mb="0" cb="2"/><line nr="27" mi="0" ci="4" mb="0" cb="0"/><line nr="28" mi="0" ci="7" mb="0" cb="0"/><line nr="29" mi="0" ci="4" mb="0" cb="0"/><line nr="30" mi="0" ci="14" mb="0" cb="0"/><line nr="31" mi="0" ci="1" mb="0" cb="0"/><line nr="33" mi="0" ci="3" mb="1" cb="1"/><line nr="34" mi="0" ci="6" mb="0" cb="0"/><line nr="37" mi="0" ci="8" mb="0" cb="0"/><line nr="39" mi="0" ci="8" mb="0" cb="0"/><line nr="40" mi="0" ci="1" mb="0" cb="0"/><line nr="43" mi="0" ci="3" mb="0" cb="0"/><line nr="47" mi="0" ci="5" mb="0" cb="0"/><line nr="48" mi="0" ci="4" mb="0" cb="0"/><line nr="49" mi="0" ci="1" mb="0" cb="0"/><line nr="52" mi="11" ci="0" mb="2" cb="0"/><line nr="53" mi="5" ci="0" mb="2" cb="0"/><line nr="54" mi="5" ci="0" mb="0" cb="0"/><line nr="55" mi="3" ci="0" mb="0" cb="0"/><line nr="56" mi="1" ci="0" mb="0" cb="0"/><line nr="58" mi="1" ci="0" mb="0" cb="0"/><line nr="59" mi="1" ci="0" mb="0" cb="0"/><line nr="62" mi="0" ci="3" mb="0" cb="0"/><line nr="66" mi="0" ci="3" mb="0" cb="0"/><line nr="67" mi="0" ci="1" mb="0" cb="0"/><counter type="INSTRUCTION" missed="27" covered="113"/><counter type="BRANCH" missed="5" covered="3"/><counter type="LINE" missed="7" covered="25"/><counter type="COMPLEXITY" missed="4" covered="7"/><counter type="METHOD" missed="1" covered="6"/><counter type="CLASS" missed="0" covered="1"/></sourcefile><sourcefile name="TributaryObject.java"><line nr="6" mi="0" ci="2" mb="0" cb="0"/><line nr="7" mi="0" ci="3" mb="0" cb="0"/><line nr="8" mi="0" ci="1" mb="0" cb="0"/><line nr="11" mi="0" ci="3" mb="0" cb="0"/><counter type="INSTRUCTION" missed="0" covered="9"/><counter type="LINE" missed="0" covered="4"/><counter type="COMPLEXITY" missed="0" covered="2"/><counter type="METHOD" missed="0" covered="2"/><counter type="CLASS" missed="0" covered="1"/></sourcefile><sourcefile name="ConsumerGroup.java"><line nr="16" mi="0" ci="5" mb="0" cb="0"/><line nr="17" mi="0" ci="5" mb="0" cb="0"/><line nr="18" mi="0" ci="3" mb="0" cb="0"/><line nr="19" mi="0" ci="3" mb="0" cb="0"/><line nr="20" mi="0" ci="1" mb="0" cb="0"/><line nr="23" mi="0" ci="8" mb="1" cb="2"/><line nr="25" mi="0" ci="5" mb="0" cb="0"/><line nr="26" mi="0" ci="1" mb="0" cb="0"/><line nr="28" mi="0" ci="5" mb="0" cb="0"/><line nr="29" mi="0" ci="1" mb="0" cb="0"/><line nr="31" mi="4" ci="0" mb="0" cb="0"/><line nr="34" mi="0" ci="1" mb="0" cb="0"/><line nr="37" mi="0" ci="3" mb="0" cb="0"/><line nr="41" mi="0" ci="5" mb="0" cb="0"/><line nr="45" mi="0" ci="5" mb="1" cb="1"/><line nr="46" mi="0" ci="6" mb="0" cb="0"/><line nr="48" mi="3" ci="0" mb="0" cb="0"/><line nr="50" mi="0" ci="1" mb="0" cb="0"/><line nr="53" mi="0" ci="8" mb="0" cb="2"/><line nr="57" mi="0" ci="6" mb="0" cb="0"/><line nr="61" mi="0" ci="16" mb="0" cb="0"/><line nr="65" mi="0" ci="11" mb="0" cb="0"/><line nr="66" mi="0" ci="4" mb="0" cb="0"/><line nr="67" mi="0" ci="2" mb="0" cb="0"/><line nr="68" mi="0" ci="2" mb="0" cb="0"/><line nr="69" mi="0" ci="1" mb="0" cb="0"/><line nr="72" mi="0" ci="5" mb="0" cb="0"/><line nr="73" mi="0" ci="11" mb="0" cb="2"/><line nr="74" mi="0" ci="5" mb="0" cb="0"/><line nr="75" mi="0" ci="10" mb="0" cb="0"/><line nr="76" mi="0" ci="2" mb="0" cb="0"/><line nr="77" mi="0" ci="1" mb="0" cb="0"/><line nr="78" mi="0" ci="3" mb="0" cb="0"/><line nr="79" mi="0" ci="1" mb="0" cb="0"/><line nr="82" mi="0" ci="7" mb="0" cb="0"/><line nr="83" mi="0" ci="1" mb="0" cb="0"/><counter type="INSTRUCTION" missed="7" covered="154"/><counter type="BRANCH" missed="2" covered="7"/><counter type="LINE" missed="2" covered="34"/><counter type="COMPLEXITY" missed="2" covered="17"/><counter type="METHOD" missed="0" covered="14"/><counter type="CLASS" missed="0" covered="1"/></sourcefile><sourcefile name="Topic.java"><line nr="11" mi="0" ci="3" mb="0" cb="0"/><line nr="12" mi="0" ci="3" mb="0" cb="0"/><line nr="13" mi="0" ci="5" mb="0" cb="0"/><line nr="14" mi="0" ci="1" mb="0" cb="0"/><line nr="17" mi="0" ci="3" mb="0" cb="0"/><line nr="21" mi="0" ci="5" mb="0" cb="0"/><line nr="22" mi="0" ci="1" mb="0" cb="0"/><line nr="25" mi="11" ci="0" mb="0" cb="0"/><line nr="26" mi="1" ci="0" mb="0" cb="0"/><line nr="29" mi="0" ci="16" mb="0" cb="0"/><line nr="33" mi="0" ci="3" mb="0" cb="0"/><line nr="37" mi="0" ci="12" mb="0" cb="0"/><line nr="41" mi="0" ci="5" mb="0" cb="0"/><line nr="42" mi="0" ci="11" mb="0" cb="2"/><line nr="43" mi="0" ci="5" mb="0" cb="0"/><line nr="44" mi="0" ci="10" mb="0" cb="0"/><line nr="45" mi="0" ci="2" mb="0" cb="0"/><line nr="46" mi="0" ci="1" mb="0" cb="0"/><line nr="47" mi="0" ci="3" mb="0" cb="0"/><line nr="48" mi="0" ci="1" mb="0" cb="0"/><counter type="INSTRUCTION" missed="12" covered="90"/><counter type="BRANCH" missed="0" covered="2"/><counter type="LINE" missed="2" covered="18"/><counter type="COMPLEXITY" missed="2" covered="11"/><counter type="METHOD" missed="2" covered="10"/><counter type="CLASS" missed="0" covered="1"/></sourcefile><sourcefile name="TributaryCluster.java"><line nr="16" mi="0" ci="2" mb="0" cb="0"/><line nr="17" mi="0" ci="5" mb="0" cb="0"/><line nr="18" mi="0" ci="5" mb="0" cb="0"/><line nr="19" mi="0" ci="5" mb="0" cb="0"/><line nr="20" mi="0" ci="1" mb="0" cb="0"/><line nr="23" mi="0" ci="2" mb="0" cb="2"/><line nr="24" mi="0" ci="4" mb="0" cb="0"/><line nr="27" mi="0" ci="2" mb="0" cb="0"/><line nr="31" mi="0" ci="5" mb="0" cb="0"/><line nr="32" mi="0" ci="1" mb="0" cb="0"/><line nr="35" mi="0" ci="5" mb="0" cb="0"/><line nr="36" mi="0" ci="1" mb="0" cb="0"/><line nr="39" mi="0" ci="5" mb="0" cb="0"/><line nr="40" mi="0" ci="1" mb="0" cb="0"/><line nr="43" mi="11" ci="0" mb="0" cb="0"/><line nr="44" mi="1" ci="0" mb="0" cb="0"/><line nr="47" mi="0" ci="16" mb="0" cb="0"/><line nr="51" mi="0" ci="16" mb="0" cb="0"/><line nr="55" mi="0" ci="16" mb="0" cb="0"/><line nr="59" mi="0" ci="6" mb="0" cb="0"/><line nr="63" mi="0" ci="6" mb="0" cb="0"/><line nr="67" mi="0" ci="6" mb="0" cb="0"/><line nr="71" mi="0" ci="11" mb="1" cb="1"/><line nr="72" mi="0" ci="11" mb="1" cb="1"/><line nr="73" mi="0" ci="5" mb="0" cb="2"/><line nr="74" mi="0" ci="3" mb="0" cb="0"/><line nr="75" mi="0" ci="2" mb="0" cb="0"/><line nr="76" mi="0" ci="1" mb="0" cb="0"/><line nr="78" mi="0" ci="1" mb="0" cb="0"/><line nr="79" mi="1" ci="0" mb="0" cb="0"/><line nr="80" mi="4" ci="0" mb="0" cb="0"/><line nr="81" mi="1" ci="0" mb="0" cb="0"/><line nr="85" mi="0" ci="2" mb="0" cb="0"/><line nr="86" mi="0" ci="1" mb="0" cb="0"/><line nr="89" mi="0" ci="3" mb="0" cb="0"/><line nr="90" mi="0" ci="1" mb="0" cb="0"/><line nr="93" mi="0" ci="3" mb="0" cb="0"/><line nr="94" mi="0" ci="1" mb="0" cb="0"/><line nr="97" mi="0" ci="3" mb="0" cb="0"/><line nr="101" mi="0" ci="3" mb="0" cb="0"/><counter type="INSTRUCTION" missed="18" covered="161"/><counter type="BRANCH" missed="2" covered="6"/><counter type="LINE" missed="5" covered="35"/><counter type="COMPLEXITY" missed="4" covered="22"/><counter type="METHOD" missed="2" covered="20"/><counter type="CLASS" missed="0" covered="1"/></sourcefile><counter type="INSTRUCTION" missed="124" covered="705"/><counter type="BRANCH" missed="13" covered="24"/><counter type="LINE" missed="26" covered="162"/><counter type="COMPLEXITY" missed="20" covered="73"/><counter type="METHOD" missed="10" covered="64"/><counter type="CLASS" missed="0" covered="7"/></package><package name="tributary/api/producers"><class name="tributary/api/producers/ManualProducer" sourcefilename="ManualProducer.java"><method name="&lt;init&gt;" desc="(Ljava/lang/String;Ljava/lang/Class;Ltributary/api/Topic;)V" line="11"><counter type="INSTRUCTION" missed="0" covered="6"/><counter type="LINE" missed="0" covered="2"/><counter type="COMPLEXITY" missed="0" covered="1"/><counter type="METHOD" missed="0" covered="1"/></method><method name="allocateMessage" desc="(Ljava/util/List;Ljava/lang/String;Ltributary/api/Message;)V" line="16"><counter type="INSTRUCTION" missed="6" covered="32"/><counter type="BRANCH" missed="1" covered="5"/><counter type="LINE" missed="1" covered="8"/><counter type="COMPLEXITY" missed="1" covered="3"/><counter type="METHOD" missed="0" covered="1"/></method><counter type="INSTRUCTION" missed="6" covered="38"/><counter type="BRANCH" missed="1" covered="5"/><counter type="LINE" missed="1" covered="10"/><counter type="COMPLEXITY" missed="1" covered="4"/><counter type="METHOD" missed="0" covered="2"/><counter type="CLASS" missed="0" covered="1"/></class><class name="tributary/api/producers/Producer" sourcefilename="Producer.java"><method name="&lt;init&gt;" desc="(Ljava/lang/String;Ljava/lang/Class;Ltributary/api/Topic;)V" line="15"><counter type="INSTRUCTION" missed="0" covered="8"/><counter type="LINE" missed="0" covered="3"/><counter type="COMPLEXITY" missed="0" covered="1"/><counter type="METHOD" missed="0" covered="1"/></method><method name="produceMessage" desc="(Ljava/util/List;Ljava/lang/String;Lorg/json/JSONObject;)V" line="22"><counter type="INSTRUCTION" missed="0" covered="11"/><counter type="LINE" missed="0" covered="3"/><counter type="COMPLEXITY" missed="0" covered="1"/><counter type="METHOD" missed="0" covered="1"/></method><counter type="INSTRUCTION" missed="0" covered="19"/><counter type="LINE" missed="0" covered="6"/><counter type="COMPLEXITY" missed="0" covered="2"/><counter type="METHOD" missed="0" covered="2"/><counter type="CLASS" missed="0" covered="1"/></class><class name="tributary/api/producers/RandomProducer" sourcefilename="RandomProducer.java"><method name="&lt;init&gt;" desc="(Ljava/lang/String;Ljava/lang/Class;Ltributary/api/Topic;)V" line="11"><counter type="INSTRUCTION" missed="0" covered="6"/><counter type="LINE" missed="0" covered="2"/><counter type="COMPLEXITY" missed="0" covered="1"/><counter type="METHOD" missed="0" covered="1"/></method><method name="allocateMessage" desc="(Ljava/util/List;Ljava/lang/String;Ltributary/api/Message;)V" line="16"><counter type="INSTRUCTION" missed="6" covered="28"/><counter type="BRANCH" missed="1" covered="1"/><counter type="LINE" missed="1" covered="7"/><counter type="COMPLEXITY" missed="1" covered="1"/><counter type="METHOD" missed="0" covered="1"/></method><counter type="INSTRUCTION" missed="6" covered="34"/><counter type="BRANCH" missed="1" covered="1"/><counter type="LINE" missed="1" covered="9"/><counter type="COMPLEXITY" missed="1" covered="2"/><counter type="METHOD" missed="0" covered="2"/><counter type="CLASS" missed="0" covered="1"/></class><sourcefile name="RandomProducer.java"><line nr="11" mi="0" ci="5" mb="0" cb="0"/><line nr="12" mi="0" ci="1" mb="0" cb="0"/><line nr="16" mi="0" ci="7" mb="0" cb="0"/><line nr="17" mi="0" ci="5" mb="0" cb="0"/><line nr="19" mi="0" ci="5" mb="1" cb="1"/><line nr="20" mi="6" ci="0" mb="0" cb="0"/><line nr="23" mi="0" ci="3" mb="0" cb="0"/><line nr="24" mi="0" ci="5" mb="0" cb="0"/><line nr="25" mi="0" ci="2" mb="0" cb="0"/><line nr="26" mi="0" ci="1" mb="0" cb="0"/><counter type="INSTRUCTION" missed="6" covered="34"/><counter type="BRANCH" missed="1" covered="1"/><counter type="LINE" missed="1" covered="9"/><counter type="COMPLEXITY" missed="1" covered="2"/><counter type="METHOD" missed="0" covered="2"/><counter type="CLASS" missed="0" covered="1"/></sourcefile><sourcefile name="Producer.java"><line nr="15" mi="0" ci="4" mb="0" cb="0"/><line nr="16" mi="0" ci="3" mb="0" cb="0"/><line nr="17" mi="0" ci="1" mb="0" cb="0"/><line nr="22" mi="0" ci="5" mb="0" cb="0"/><line nr="23" mi="0" ci="5" mb="0" cb="0"/><line nr="24" mi="0" ci="1" mb="0" cb="0"/><counter type="INSTRUCTION" missed="0" covered="19"/><counter type="LINE" missed="0" covered="6"/><counter type="COMPLEXITY" missed="0" covered="2"/><counter type="METHOD" missed="0" covered="2"/><counter type="CLASS" missed="0" covered="1"/></sourcefile><sourcefile name="ManualProducer.java"><line nr="11" mi="0" ci="5" mb="0" cb="0"/><line nr="12" mi="0" ci="1" mb="0" cb="0"/><line nr="16" mi="0" ci="10" mb="0" cb="2"/><line nr="17" mi="0" ci="5" mb="0" cb="2"/><line nr="18" mi="0" ci="5" mb="1" cb="1"/><line nr="19" mi="6" ci="0" mb="0" cb="0"/><line nr="22" mi="0" ci="3" mb="0" cb="0"/><line nr="23" mi="0" ci="6" mb="0" cb="0"/><line nr="25" mi="0" ci="1" mb="0" cb="0"/><line nr="27" mi="0" ci="1" mb="0" cb="0"/><line nr="28" mi="0" ci="1" mb="0" cb="0"/><counter type="INSTRUCTION" missed="6" covered="38"/><counter type="BRANCH" missed="1" covered="5"/><counter type="LINE" missed="1" covered="10"/><counter type="COMPLEXITY" missed="1" covered="4"/><counter type="METHOD" missed="0" covered="2"/><counter type="CLASS" missed="0" covered="1"/></sourcefile><counter type="INSTRUCTION" missed="12" covered="91"/><counter type="BRANCH" missed="2" covered="6"/><counter type="LINE" missed="2" covered="25"/><counter type="COMPLEXITY" missed="2" covered="8"/><counter type="METHOD" missed="0" covered="6"/><counter type="CLASS" missed="0" covered="3"/></package><package name="tributary/core/rebalancingStrategy"><class name="tributary/core/rebalancingStrategy/RangeStrategy" sourcefilename="RangeStrategy.java"><method name="&lt;init&gt;" desc="()V" line="10"><counter type="INSTRUCTION" missed="0" covered="3"/><counter type="LINE" missed="0" covered="1"/><counter type="COMPLEXITY" missed="0" covered="1"/><counter type="METHOD" missed="0" covered="1"/></method><method name="rebalance" desc="(Ljava/util/List;Ljava/util/List;)V" line="13"><counter type="INSTRUCTION" missed="1" covered="89"/><counter type="BRANCH" missed="2" covered="12"/><counter type="LINE" missed="1" covered="19"/><counter type="COMPLEXITY" missed="2" covered="6"/><counter type="METHOD" missed="0" covered="1"/></method><counter type="INSTRUCTION" missed="1" covered="92"/><counter type="BRANCH" missed="2" covered="12"/><counter type="LINE" missed="1" covered="20"/><counter type="COMPLEXITY" missed="2" covered="7"/><counter type="METHOD" missed="0" covered="2"/><counter type="CLASS" missed="0" covered="1"/></class><class name="tributary/core/rebalancingStrategy/RebalancingStrategy" sourcefilename="RebalancingStrategy.java"/><class name="tributary/core/rebalancingStrategy/RoundRobinStrategy" sourcefilename="RoundRobinStrategy.java"><method name="&lt;init&gt;" desc="()V" line="10"><counter type="INSTRUCTION" missed="0" covered="3"/><counter type="LINE" missed="0" covered="1"/><counter type="COMPLEXITY" missed="0" covered="1"/><counter type="METHOD" missed="0" covered="1"/></method><method name="rebalance" desc="(Ljava/util/List;Ljava/util/List;)V" line="13"><counter type="INSTRUCTION" missed="1" covered="62"/><counter type="BRANCH" missed="2" covered="8"/><counter type="LINE" missed="1" covered="12"/><counter type="COMPLEXITY" missed="2" covered="4"/><counter type="METHOD" missed="0" covered="1"/></method><counter type="INSTRUCTION" missed="1" covered="65"/><counter type="BRANCH" missed="2" covered="8"/><counter type="LINE" missed="1" covered="13"/><counter type="COMPLEXITY" missed="2" covered="5"/><counter type="METHOD" missed="0" covered="2"/><counter type="CLASS" missed="0" covered="1"/></class><sourcefile name="RoundRobinStrategy.java"><line nr="10" mi="0" ci="3" mb="0" cb="0"/><line nr="13" mi="0" ci="6" mb="2" cb="2"/><line nr="14" mi="1" ci="0" mb="0" cb="0"/><line nr="16" mi="0" ci="10" mb="0" cb="2"/><line nr="17" mi="0" ci="2" mb="0" cb="0"/><line nr="18" mi="0" ci="1" mb="0" cb="0"/><line nr="20" mi="0" ci="4" mb="0" cb="0"/><line nr="21" mi="0" ci="10" mb="0" cb="2"/><line nr="22" mi="0" ci="5" mb="0" cb="0"/><line nr="23" mi="0" ci="1" mb="0" cb="0"/><line nr="25" mi="0" ci="8" mb="0" cb="2"/><line nr="26" mi="0" ci="8" mb="0" cb="0"/><line nr="27" mi="0" ci="6" mb="0" cb="0"/><line nr="29" mi="0" ci="1" mb="0" cb="0"/><counter type="INSTRUCTION" missed="1" covered="65"/><counter type="BRANCH" missed="2" covered="8"/><counter type="LINE" missed="1" covered="13"/><counter type="COMPLEXITY" missed="2" covered="5"/><counter type="METHOD" missed="0" covered="2"/><counter type="CLASS" missed="0" covered="1"/></sourcefile><sourcefile name="RangeStrategy.java"><line nr="10" mi="0" ci="3" mb="0" cb="0"/><line nr="13" mi="0" ci="6" mb="2" cb="2"/><line nr="14" mi="1" ci="0" mb="0" cb="0"/><line nr="16" mi="0" ci="10" mb="0" cb="2"/><line nr="17" mi="0" ci="2" mb="0" cb="0"/><line nr="18" mi="0" ci="1" mb="0" cb="0"/><line nr="20" mi="0" ci="4" mb="0" cb="0"/><line nr="21" mi="0" ci="10" mb="0" cb="2"/><line nr="22" mi="0" ci="5" mb="0" cb="0"/><line nr="23" mi="0" ci="1" mb="0" cb="0"/><line nr="24" mi="0" ci="6" mb="0" cb="0"/><line nr="25" mi="0" ci="6" mb="0" cb="0"/><line nr="27" mi="0" ci="2" mb="0" cb="0"/><line nr="28" mi="0" ci="10" mb="0" cb="2"/><line nr="29" mi="0" ci="8" mb="0" cb="2"/><line nr="30" mi="0" ci="6" mb="0" cb="0"/><line nr="32" mi="0" ci="2" mb="0" cb="2"/><line nr="33" mi="0" ci="7" mb="0" cb="0"/><line nr="34" mi="0" ci="1" mb="0" cb="0"/><line nr="36" mi="0" ci="1" mb="0" cb="0"/><line nr="37" mi="0" ci="1" mb="0" cb="0"/><counter type="INSTRUCTION" missed="1" covered="92"/><counter type="BRANCH" missed="2" covered="12"/><counter type="LINE" missed="1" covered="20"/><counter type="COMPLEXITY" missed="2" covered="7"/><counter type="METHOD" missed="0" covered="2"/><counter type="CLASS" missed="0" covered="1"/></sourcefile><sourcefile name="RebalancingStrategy.java"/><counter type="INSTRUCTION" missed="2" covered="157"/><counter type="BRANCH" missed="4" covered="20"/><counter type="LINE" missed="2" covered="33"/><counter type="COMPLEXITY" missed="4" covered="12"/><counter type="METHOD" missed="0" covered="4"/><counter type="CLASS" missed="0" covered="2"/></package><counter type="INSTRUCTION" missed="515" covered="2762"/><counter type="BRANCH" missed="79" covered="190"/><counter type="LINE" missed="129" covered="685"/><counter type="COMPLEXITY" missed="87" covered="233"/><counter type="METHOD" missed="22" covered="162"/><counter type="CLASS" missed="0" covered="23"/></report>